2017-9-5 08:55:39 main INFO Starting ShiroSpringbootApplication on Lenovo-PC with PID 19840 (started by ko in C:\Users\ko\Workspaces\spring tool suite\shiro-springboot)
2017-9-5 08:55:39 main DEBUG Running with Spring Boot v1.5.6.RELEASE, Spring v4.3.10.RELEASE
2017-9-5 08:55:39 main INFO No active profile set, falling back to default profiles: default
2017-9-5 08:56:04 main INFO Started ShiroSpringbootApplication in 25.417 seconds (JVM running for 27.712)
2017-9-5 08:56:28 http-nio-8080-exec-1 DEBUG ==>  Preparing: select * from user where uname = ? 
2017-9-5 08:56:28 http-nio-8080-exec-1 DEBUG ==> Parameters: liubei(String)
2017-9-5 08:56:28 http-nio-8080-exec-1 DEBUG <==      Total: 1
2017-9-5 08:56:28 http-nio-8080-exec-1 DEBUG ==>  Preparing: SELECT a.uname,c.pname,e.rname FROM user as a LEFT JOIN gl_user_permission as b ON a.id = b.user_id LEFT JOIN permission as c ON b.permission_id = c.id LEFT JOIN gl_permission_role as d ON d.permission_id = c.id LEFT JOIN role as e ON e.id = d.role_id WHERE a.uname = ? 
2017-9-5 08:56:28 http-nio-8080-exec-1 DEBUG ==> Parameters: liubei(String)
2017-9-5 08:56:28 http-nio-8080-exec-1 DEBUG <==      Total: 2
2017-9-5 08:56:28 http-nio-8080-exec-1 DEBUG ==>  Preparing: SELECT a.uname,c.pname,e.rname FROM user as a LEFT JOIN gl_user_permission as b ON a.id = b.user_id LEFT JOIN permission as c ON b.permission_id = c.id LEFT JOIN gl_permission_role as d ON d.permission_id = c.id LEFT JOIN role as e ON e.id = d.role_id WHERE a.uname = ? 
2017-9-5 08:56:28 http-nio-8080-exec-1 DEBUG ==> Parameters: liubei(String)
2017-9-5 08:56:28 http-nio-8080-exec-1 DEBUG <==      Total: 2
2017-9-5 08:57:20 http-nio-8080-exec-2 DEBUG ==>  Preparing: select * from user where uname = ? 
2017-9-5 08:57:20 http-nio-8080-exec-2 DEBUG ==> Parameters: liubei(String)
2017-9-5 08:57:20 http-nio-8080-exec-2 DEBUG <==      Total: 1
2017-9-5 08:57:20 http-nio-8080-exec-2 DEBUG ==>  Preparing: SELECT a.uname,c.pname,e.rname FROM user as a LEFT JOIN gl_user_permission as b ON a.id = b.user_id LEFT JOIN permission as c ON b.permission_id = c.id LEFT JOIN gl_permission_role as d ON d.permission_id = c.id LEFT JOIN role as e ON e.id = d.role_id WHERE a.uname = ? 
2017-9-5 08:57:20 http-nio-8080-exec-2 DEBUG ==> Parameters: liubei(String)
2017-9-5 08:57:20 http-nio-8080-exec-2 DEBUG <==      Total: 2
2017-9-5 08:57:20 http-nio-8080-exec-2 DEBUG ==>  Preparing: SELECT a.uname,c.pname,e.rname FROM user as a LEFT JOIN gl_user_permission as b ON a.id = b.user_id LEFT JOIN permission as c ON b.permission_id = c.id LEFT JOIN gl_permission_role as d ON d.permission_id = c.id LEFT JOIN role as e ON e.id = d.role_id WHERE a.uname = ? 
2017-9-5 08:57:20 http-nio-8080-exec-2 DEBUG ==> Parameters: liubei(String)
2017-9-5 08:57:20 http-nio-8080-exec-2 DEBUG <==      Total: 2
2017-9-5 08:57:48 http-nio-8080-exec-3 DEBUG ==>  Preparing: select * from user where uname = ? 
2017-9-5 08:57:48 http-nio-8080-exec-3 DEBUG ==> Parameters: liubei(String)
2017-9-5 08:57:48 http-nio-8080-exec-3 DEBUG <==      Total: 1
2017-9-5 08:57:48 http-nio-8080-exec-3 DEBUG ==>  Preparing: SELECT a.uname,c.pname,e.rname FROM user as a LEFT JOIN gl_user_permission as b ON a.id = b.user_id LEFT JOIN permission as c ON b.permission_id = c.id LEFT JOIN gl_permission_role as d ON d.permission_id = c.id LEFT JOIN role as e ON e.id = d.role_id WHERE a.uname = ? 
2017-9-5 08:57:48 http-nio-8080-exec-3 DEBUG ==> Parameters: liubei(String)
2017-9-5 08:57:48 http-nio-8080-exec-3 DEBUG <==      Total: 2
2017-9-5 08:57:48 http-nio-8080-exec-3 DEBUG ==>  Preparing: SELECT a.uname,c.pname,e.rname FROM user as a LEFT JOIN gl_user_permission as b ON a.id = b.user_id LEFT JOIN permission as c ON b.permission_id = c.id LEFT JOIN gl_permission_role as d ON d.permission_id = c.id LEFT JOIN role as e ON e.id = d.role_id WHERE a.uname = ? 
2017-9-5 08:57:48 http-nio-8080-exec-3 DEBUG ==> Parameters: liubei(String)
2017-9-5 08:57:48 http-nio-8080-exec-3 DEBUG <==      Total: 2
2017-9-5 08:57:58 http-nio-8080-exec-4 DEBUG ==>  Preparing: select * from user where uname = ? 
2017-9-5 08:57:58 http-nio-8080-exec-4 DEBUG ==> Parameters: liubei(String)
2017-9-5 08:57:58 http-nio-8080-exec-4 DEBUG <==      Total: 1
2017-9-5 08:57:58 http-nio-8080-exec-4 DEBUG ==>  Preparing: SELECT a.uname,c.pname,e.rname FROM user as a LEFT JOIN gl_user_permission as b ON a.id = b.user_id LEFT JOIN permission as c ON b.permission_id = c.id LEFT JOIN gl_permission_role as d ON d.permission_id = c.id LEFT JOIN role as e ON e.id = d.role_id WHERE a.uname = ? 
2017-9-5 08:57:58 http-nio-8080-exec-4 DEBUG ==> Parameters: liubei(String)
2017-9-5 08:57:58 http-nio-8080-exec-4 DEBUG <==      Total: 2
2017-9-5 08:57:58 http-nio-8080-exec-4 DEBUG ==>  Preparing: SELECT a.uname,c.pname,e.rname FROM user as a LEFT JOIN gl_user_permission as b ON a.id = b.user_id LEFT JOIN permission as c ON b.permission_id = c.id LEFT JOIN gl_permission_role as d ON d.permission_id = c.id LEFT JOIN role as e ON e.id = d.role_id WHERE a.uname = ? 
2017-9-5 08:57:58 http-nio-8080-exec-4 DEBUG ==> Parameters: liubei(String)
2017-9-5 08:57:58 http-nio-8080-exec-4 DEBUG <==      Total: 2
2017-9-5 08:58:00 http-nio-8080-exec-5 DEBUG ==>  Preparing: select * from user where uname = ? 
2017-9-5 08:58:00 http-nio-8080-exec-5 DEBUG ==> Parameters: liubei(String)
2017-9-5 08:58:00 http-nio-8080-exec-5 DEBUG <==      Total: 1
2017-9-5 08:58:00 http-nio-8080-exec-5 DEBUG ==>  Preparing: SELECT a.uname,c.pname,e.rname FROM user as a LEFT JOIN gl_user_permission as b ON a.id = b.user_id LEFT JOIN permission as c ON b.permission_id = c.id LEFT JOIN gl_permission_role as d ON d.permission_id = c.id LEFT JOIN role as e ON e.id = d.role_id WHERE a.uname = ? 
2017-9-5 08:58:00 http-nio-8080-exec-5 DEBUG ==> Parameters: liubei(String)
2017-9-5 08:58:00 http-nio-8080-exec-5 DEBUG <==      Total: 2
2017-9-5 08:58:00 http-nio-8080-exec-5 DEBUG ==>  Preparing: SELECT a.uname,c.pname,e.rname FROM user as a LEFT JOIN gl_user_permission as b ON a.id = b.user_id LEFT JOIN permission as c ON b.permission_id = c.id LEFT JOIN gl_permission_role as d ON d.permission_id = c.id LEFT JOIN role as e ON e.id = d.role_id WHERE a.uname = ? 
2017-9-5 08:58:00 http-nio-8080-exec-5 DEBUG ==> Parameters: liubei(String)
2017-9-5 08:58:00 http-nio-8080-exec-5 DEBUG <==      Total: 2
2017-9-5 08:58:01 http-nio-8080-exec-6 DEBUG ==>  Preparing: select * from user where uname = ? 
2017-9-5 08:58:01 http-nio-8080-exec-6 DEBUG ==> Parameters: liubei(String)
2017-9-5 08:58:01 http-nio-8080-exec-6 DEBUG <==      Total: 1
2017-9-5 08:58:01 http-nio-8080-exec-6 DEBUG ==>  Preparing: SELECT a.uname,c.pname,e.rname FROM user as a LEFT JOIN gl_user_permission as b ON a.id = b.user_id LEFT JOIN permission as c ON b.permission_id = c.id LEFT JOIN gl_permission_role as d ON d.permission_id = c.id LEFT JOIN role as e ON e.id = d.role_id WHERE a.uname = ? 
2017-9-5 08:58:01 http-nio-8080-exec-6 DEBUG ==> Parameters: liubei(String)
2017-9-5 08:58:01 http-nio-8080-exec-6 DEBUG <==      Total: 2
2017-9-5 08:58:01 http-nio-8080-exec-6 DEBUG ==>  Preparing: SELECT a.uname,c.pname,e.rname FROM user as a LEFT JOIN gl_user_permission as b ON a.id = b.user_id LEFT JOIN permission as c ON b.permission_id = c.id LEFT JOIN gl_permission_role as d ON d.permission_id = c.id LEFT JOIN role as e ON e.id = d.role_id WHERE a.uname = ? 
2017-9-5 08:58:01 http-nio-8080-exec-6 DEBUG ==> Parameters: liubei(String)
2017-9-5 08:58:01 http-nio-8080-exec-6 DEBUG <==      Total: 2
2017-9-5 09:04:24 http-nio-8080-exec-8 DEBUG ==>  Preparing: select * from user where uname = ? 
2017-9-5 09:04:24 http-nio-8080-exec-8 DEBUG ==> Parameters: liubei(String)
2017-9-5 09:04:24 http-nio-8080-exec-8 DEBUG <==      Total: 1
2017-9-5 09:04:24 http-nio-8080-exec-8 DEBUG ==>  Preparing: SELECT a.uname,c.pname,e.rname FROM user as a LEFT JOIN gl_user_permission as b ON a.id = b.user_id LEFT JOIN permission as c ON b.permission_id = c.id LEFT JOIN gl_permission_role as d ON d.permission_id = c.id LEFT JOIN role as e ON e.id = d.role_id WHERE a.uname = ? 
2017-9-5 09:04:24 http-nio-8080-exec-8 DEBUG ==> Parameters: liubei(String)
2017-9-5 09:04:24 http-nio-8080-exec-8 DEBUG <==      Total: 2
2017-9-5 09:04:24 http-nio-8080-exec-8 DEBUG ==>  Preparing: SELECT a.uname,c.pname,e.rname FROM user as a LEFT JOIN gl_user_permission as b ON a.id = b.user_id LEFT JOIN permission as c ON b.permission_id = c.id LEFT JOIN gl_permission_role as d ON d.permission_id = c.id LEFT JOIN role as e ON e.id = d.role_id WHERE a.uname = ? 
2017-9-5 09:04:24 http-nio-8080-exec-8 DEBUG ==> Parameters: liubei(String)
2017-9-5 09:04:24 http-nio-8080-exec-8 DEBUG <==      Total: 2
2017-9-5 09:04:53 http-nio-8080-exec-9 DEBUG ==>  Preparing: select * from user where uname = ? 
2017-9-5 09:04:53 http-nio-8080-exec-9 DEBUG ==> Parameters: liubei(String)
2017-9-5 09:04:53 http-nio-8080-exec-9 DEBUG <==      Total: 1
2017-9-5 09:04:53 http-nio-8080-exec-9 DEBUG ==>  Preparing: SELECT a.uname,c.pname,e.rname FROM user as a LEFT JOIN gl_user_permission as b ON a.id = b.user_id LEFT JOIN permission as c ON b.permission_id = c.id LEFT JOIN gl_permission_role as d ON d.permission_id = c.id LEFT JOIN role as e ON e.id = d.role_id WHERE a.uname = ? 
2017-9-5 09:04:53 http-nio-8080-exec-9 DEBUG ==> Parameters: liubei(String)
2017-9-5 09:04:53 http-nio-8080-exec-9 DEBUG <==      Total: 2
2017-9-5 09:04:53 http-nio-8080-exec-9 DEBUG ==>  Preparing: SELECT a.uname,c.pname,e.rname FROM user as a LEFT JOIN gl_user_permission as b ON a.id = b.user_id LEFT JOIN permission as c ON b.permission_id = c.id LEFT JOIN gl_permission_role as d ON d.permission_id = c.id LEFT JOIN role as e ON e.id = d.role_id WHERE a.uname = ? 
2017-9-5 09:04:53 http-nio-8080-exec-9 DEBUG ==> Parameters: liubei(String)
2017-9-5 09:04:53 http-nio-8080-exec-9 DEBUG <==      Total: 2
2017-9-5 09:05:33 http-nio-8080-exec-10 DEBUG ==>  Preparing: select * from user where uname = ? 
2017-9-5 09:05:33 http-nio-8080-exec-10 DEBUG ==> Parameters: liubei(String)
2017-9-5 09:05:33 http-nio-8080-exec-10 DEBUG <==      Total: 1
2017-9-5 09:05:33 http-nio-8080-exec-10 DEBUG ==>  Preparing: SELECT a.uname,c.pname,e.rname FROM user as a LEFT JOIN gl_user_permission as b ON a.id = b.user_id LEFT JOIN permission as c ON b.permission_id = c.id LEFT JOIN gl_permission_role as d ON d.permission_id = c.id LEFT JOIN role as e ON e.id = d.role_id WHERE a.uname = ? 
2017-9-5 09:05:33 http-nio-8080-exec-10 DEBUG ==> Parameters: liubei(String)
2017-9-5 09:05:33 http-nio-8080-exec-10 DEBUG <==      Total: 2
2017-9-5 09:05:33 http-nio-8080-exec-10 DEBUG ==>  Preparing: SELECT a.uname,c.pname,e.rname FROM user as a LEFT JOIN gl_user_permission as b ON a.id = b.user_id LEFT JOIN permission as c ON b.permission_id = c.id LEFT JOIN gl_permission_role as d ON d.permission_id = c.id LEFT JOIN role as e ON e.id = d.role_id WHERE a.uname = ? 
2017-9-5 09:05:33 http-nio-8080-exec-10 DEBUG ==> Parameters: liubei(String)
2017-9-5 09:05:33 http-nio-8080-exec-10 DEBUG <==      Total: 2
2017-9-5 09:19:41 http-nio-8080-exec-1 DEBUG ==>  Preparing: select * from user where uname = ? 
2017-9-5 09:19:41 http-nio-8080-exec-1 DEBUG ==> Parameters: liubei(String)
2017-9-5 09:19:41 http-nio-8080-exec-1 DEBUG <==      Total: 1
2017-9-5 09:19:41 http-nio-8080-exec-1 DEBUG ==>  Preparing: SELECT a.uname,c.pname,e.rname FROM user as a LEFT JOIN gl_user_permission as b ON a.id = b.user_id LEFT JOIN permission as c ON b.permission_id = c.id LEFT JOIN gl_permission_role as d ON d.permission_id = c.id LEFT JOIN role as e ON e.id = d.role_id WHERE a.uname = ? 
2017-9-5 09:19:41 http-nio-8080-exec-1 DEBUG ==> Parameters: liubei(String)
2017-9-5 09:19:41 http-nio-8080-exec-1 DEBUG <==      Total: 2
2017-9-5 09:19:41 http-nio-8080-exec-1 DEBUG ==>  Preparing: SELECT a.uname,c.pname,e.rname FROM user as a LEFT JOIN gl_user_permission as b ON a.id = b.user_id LEFT JOIN permission as c ON b.permission_id = c.id LEFT JOIN gl_permission_role as d ON d.permission_id = c.id LEFT JOIN role as e ON e.id = d.role_id WHERE a.uname = ? 
2017-9-5 09:19:41 http-nio-8080-exec-1 DEBUG ==> Parameters: liubei(String)
2017-9-5 09:19:41 http-nio-8080-exec-1 DEBUG <==      Total: 2
2017-9-5 09:29:39 main INFO Starting ShiroSpringbootApplication on Lenovo-PC with PID 8628 (started by ko in C:\Users\ko\Workspaces\spring tool suite\shiro-springboot)
2017-9-5 09:29:39 main DEBUG Running with Spring Boot v1.5.6.RELEASE, Spring v4.3.10.RELEASE
2017-9-5 09:29:39 main INFO No active profile set, falling back to default profiles: default
2017-9-5 09:30:03 main INFO Started ShiroSpringbootApplication in 24.769 seconds (JVM running for 26.859)
2017-9-5 09:30:16 http-nio-8080-exec-1 DEBUG ==>  Preparing: select * from user where uname = ? 
2017-9-5 09:30:16 http-nio-8080-exec-1 DEBUG ==> Parameters: liubei(String)
2017-9-5 09:30:16 http-nio-8080-exec-1 DEBUG <==      Total: 1
2017-9-5 09:30:16 http-nio-8080-exec-1 DEBUG ==>  Preparing: SELECT a.uname,c.pname,e.rname FROM user as a LEFT JOIN gl_user_permission as b ON a.id = b.user_id LEFT JOIN permission as c ON b.permission_id = c.id LEFT JOIN gl_permission_role as d ON d.permission_id = c.id LEFT JOIN role as e ON e.id = d.role_id WHERE a.uname = ? 
2017-9-5 09:30:16 http-nio-8080-exec-1 DEBUG ==> Parameters: liubei(String)
2017-9-5 09:30:16 http-nio-8080-exec-1 DEBUG <==      Total: 2
2017-9-5 09:30:16 http-nio-8080-exec-1 DEBUG ==>  Preparing: SELECT a.uname,c.pname,e.rname FROM user as a LEFT JOIN gl_user_permission as b ON a.id = b.user_id LEFT JOIN permission as c ON b.permission_id = c.id LEFT JOIN gl_permission_role as d ON d.permission_id = c.id LEFT JOIN role as e ON e.id = d.role_id WHERE a.uname = ? 
2017-9-5 09:30:16 http-nio-8080-exec-1 DEBUG ==> Parameters: liubei(String)
2017-9-5 09:30:16 http-nio-8080-exec-1 DEBUG <==      Total: 2
2017-9-5 09:30:42 http-nio-8080-exec-2 DEBUG ==>  Preparing: select * from user where uname = ? 
2017-9-5 09:30:42 http-nio-8080-exec-2 DEBUG ==> Parameters: liubei(String)
2017-9-5 09:30:42 http-nio-8080-exec-2 DEBUG <==      Total: 1
2017-9-5 09:30:42 http-nio-8080-exec-2 DEBUG ==>  Preparing: SELECT a.uname,c.pname,e.rname FROM user as a LEFT JOIN gl_user_permission as b ON a.id = b.user_id LEFT JOIN permission as c ON b.permission_id = c.id LEFT JOIN gl_permission_role as d ON d.permission_id = c.id LEFT JOIN role as e ON e.id = d.role_id WHERE a.uname = ? 
2017-9-5 09:30:42 http-nio-8080-exec-2 DEBUG ==> Parameters: liubei(String)
2017-9-5 09:30:42 http-nio-8080-exec-2 DEBUG <==      Total: 2
2017-9-5 09:30:42 http-nio-8080-exec-2 DEBUG ==>  Preparing: SELECT a.uname,c.pname,e.rname FROM user as a LEFT JOIN gl_user_permission as b ON a.id = b.user_id LEFT JOIN permission as c ON b.permission_id = c.id LEFT JOIN gl_permission_role as d ON d.permission_id = c.id LEFT JOIN role as e ON e.id = d.role_id WHERE a.uname = ? 
2017-9-5 09:30:42 http-nio-8080-exec-2 DEBUG ==> Parameters: liubei(String)
2017-9-5 09:30:42 http-nio-8080-exec-2 DEBUG <==      Total: 2
2017-9-5 09:30:48 http-nio-8080-exec-3 DEBUG ==>  Preparing: select * from user where uname = ? 
2017-9-5 09:30:48 http-nio-8080-exec-3 DEBUG ==> Parameters: liubei(String)
2017-9-5 09:30:48 http-nio-8080-exec-3 DEBUG <==      Total: 1
2017-9-5 09:30:48 http-nio-8080-exec-3 DEBUG ==>  Preparing: SELECT a.uname,c.pname,e.rname FROM user as a LEFT JOIN gl_user_permission as b ON a.id = b.user_id LEFT JOIN permission as c ON b.permission_id = c.id LEFT JOIN gl_permission_role as d ON d.permission_id = c.id LEFT JOIN role as e ON e.id = d.role_id WHERE a.uname = ? 
2017-9-5 09:30:48 http-nio-8080-exec-3 DEBUG ==> Parameters: liubei(String)
2017-9-5 09:30:48 http-nio-8080-exec-3 DEBUG <==      Total: 2
2017-9-5 09:30:48 http-nio-8080-exec-3 DEBUG ==>  Preparing: SELECT a.uname,c.pname,e.rname FROM user as a LEFT JOIN gl_user_permission as b ON a.id = b.user_id LEFT JOIN permission as c ON b.permission_id = c.id LEFT JOIN gl_permission_role as d ON d.permission_id = c.id LEFT JOIN role as e ON e.id = d.role_id WHERE a.uname = ? 
2017-9-5 09:30:48 http-nio-8080-exec-3 DEBUG ==> Parameters: liubei(String)
2017-9-5 09:30:48 http-nio-8080-exec-3 DEBUG <==      Total: 2
2017-9-5 09:30:56 http-nio-8080-exec-4 DEBUG ==>  Preparing: select * from user where uname = ? 
2017-9-5 09:30:56 http-nio-8080-exec-4 DEBUG ==> Parameters: liubei(String)
2017-9-5 09:30:56 http-nio-8080-exec-4 DEBUG <==      Total: 1
2017-9-5 09:30:56 http-nio-8080-exec-4 DEBUG ==>  Preparing: SELECT a.uname,c.pname,e.rname FROM user as a LEFT JOIN gl_user_permission as b ON a.id = b.user_id LEFT JOIN permission as c ON b.permission_id = c.id LEFT JOIN gl_permission_role as d ON d.permission_id = c.id LEFT JOIN role as e ON e.id = d.role_id WHERE a.uname = ? 
2017-9-5 09:30:56 http-nio-8080-exec-4 DEBUG ==> Parameters: liubei(String)
2017-9-5 09:30:56 http-nio-8080-exec-4 DEBUG <==      Total: 2
2017-9-5 09:30:56 http-nio-8080-exec-4 DEBUG ==>  Preparing: SELECT a.uname,c.pname,e.rname FROM user as a LEFT JOIN gl_user_permission as b ON a.id = b.user_id LEFT JOIN permission as c ON b.permission_id = c.id LEFT JOIN gl_permission_role as d ON d.permission_id = c.id LEFT JOIN role as e ON e.id = d.role_id WHERE a.uname = ? 
2017-9-5 09:30:56 http-nio-8080-exec-4 DEBUG ==> Parameters: liubei(String)
2017-9-5 09:30:56 http-nio-8080-exec-4 DEBUG <==      Total: 2
2017-9-5 09:31:03 http-nio-8080-exec-6 DEBUG ==>  Preparing: select * from user where uname = ? 
2017-9-5 09:31:03 http-nio-8080-exec-6 DEBUG ==> Parameters: liubei(String)
2017-9-5 09:31:03 http-nio-8080-exec-6 DEBUG <==      Total: 1
2017-9-5 09:31:03 http-nio-8080-exec-6 DEBUG ==>  Preparing: SELECT a.uname,c.pname,e.rname FROM user as a LEFT JOIN gl_user_permission as b ON a.id = b.user_id LEFT JOIN permission as c ON b.permission_id = c.id LEFT JOIN gl_permission_role as d ON d.permission_id = c.id LEFT JOIN role as e ON e.id = d.role_id WHERE a.uname = ? 
2017-9-5 09:31:03 http-nio-8080-exec-6 DEBUG ==> Parameters: liubei(String)
2017-9-5 09:31:03 http-nio-8080-exec-6 DEBUG <==      Total: 2
2017-9-5 09:31:03 http-nio-8080-exec-6 DEBUG ==>  Preparing: SELECT a.uname,c.pname,e.rname FROM user as a LEFT JOIN gl_user_permission as b ON a.id = b.user_id LEFT JOIN permission as c ON b.permission_id = c.id LEFT JOIN gl_permission_role as d ON d.permission_id = c.id LEFT JOIN role as e ON e.id = d.role_id WHERE a.uname = ? 
2017-9-5 09:31:03 http-nio-8080-exec-6 DEBUG ==> Parameters: liubei(String)
2017-9-5 09:31:03 http-nio-8080-exec-6 DEBUG <==      Total: 2
2017-9-5 09:31:10 http-nio-8080-exec-5 DEBUG ==>  Preparing: select * from user where uname = ? 
2017-9-5 09:31:10 http-nio-8080-exec-5 DEBUG ==> Parameters: liubei(String)
2017-9-5 09:31:10 http-nio-8080-exec-5 DEBUG <==      Total: 1
2017-9-5 09:31:10 http-nio-8080-exec-5 DEBUG ==>  Preparing: SELECT a.uname,c.pname,e.rname FROM user as a LEFT JOIN gl_user_permission as b ON a.id = b.user_id LEFT JOIN permission as c ON b.permission_id = c.id LEFT JOIN gl_permission_role as d ON d.permission_id = c.id LEFT JOIN role as e ON e.id = d.role_id WHERE a.uname = ? 
2017-9-5 09:31:10 http-nio-8080-exec-5 DEBUG ==> Parameters: liubei(String)
2017-9-5 09:31:10 http-nio-8080-exec-5 DEBUG <==      Total: 2
2017-9-5 09:31:10 http-nio-8080-exec-5 DEBUG ==>  Preparing: SELECT a.uname,c.pname,e.rname FROM user as a LEFT JOIN gl_user_permission as b ON a.id = b.user_id LEFT JOIN permission as c ON b.permission_id = c.id LEFT JOIN gl_permission_role as d ON d.permission_id = c.id LEFT JOIN role as e ON e.id = d.role_id WHERE a.uname = ? 
2017-9-5 09:31:10 http-nio-8080-exec-5 DEBUG ==> Parameters: liubei(String)
2017-9-5 09:31:10 http-nio-8080-exec-5 DEBUG <==      Total: 2
2017-9-5 09:31:34 http-nio-8080-exec-7 DEBUG ==>  Preparing: select * from user where uname = ? 
2017-9-5 09:31:34 http-nio-8080-exec-7 DEBUG ==> Parameters: liubei(String)
2017-9-5 09:31:34 http-nio-8080-exec-7 DEBUG <==      Total: 1
2017-9-5 09:33:22 main INFO Starting ShiroSpringbootApplication on Lenovo-PC with PID 15832 (started by ko in C:\Users\ko\Workspaces\spring tool suite\shiro-springboot)
2017-9-5 09:33:22 main DEBUG Running with Spring Boot v1.5.6.RELEASE, Spring v4.3.10.RELEASE
2017-9-5 09:33:22 main INFO No active profile set, falling back to default profiles: default
2017-9-5 09:33:48 main INFO Started ShiroSpringbootApplication in 27.172 seconds (JVM running for 29.289)
2017-9-5 09:33:53 http-nio-8080-exec-10 DEBUG ==>  Preparing: select * from user where uname = ? 
2017-9-5 09:33:53 http-nio-8080-exec-9 DEBUG ==>  Preparing: select * from user where uname = ? 
2017-9-5 09:33:53 http-nio-8080-exec-9 DEBUG ==> Parameters: liubei(String)
2017-9-5 09:33:53 http-nio-8080-exec-10 DEBUG ==> Parameters: liubei(String)
2017-9-5 09:33:53 http-nio-8080-exec-10 DEBUG <==      Total: 1
2017-9-5 09:33:53 http-nio-8080-exec-9 DEBUG <==      Total: 1
2017-9-5 09:33:53 http-nio-8080-exec-9 DEBUG ==>  Preparing: SELECT a.uname,c.pname,e.rname FROM user as a LEFT JOIN gl_user_permission as b ON a.id = b.user_id LEFT JOIN permission as c ON b.permission_id = c.id LEFT JOIN gl_permission_role as d ON d.permission_id = c.id LEFT JOIN role as e ON e.id = d.role_id WHERE a.uname = ? 
2017-9-5 09:33:53 http-nio-8080-exec-9 DEBUG ==> Parameters: liubei(String)
2017-9-5 09:33:53 http-nio-8080-exec-9 DEBUG <==      Total: 2
2017-9-5 09:33:53 http-nio-8080-exec-9 DEBUG ==>  Preparing: SELECT a.uname,c.pname,e.rname FROM user as a LEFT JOIN gl_user_permission as b ON a.id = b.user_id LEFT JOIN permission as c ON b.permission_id = c.id LEFT JOIN gl_permission_role as d ON d.permission_id = c.id LEFT JOIN role as e ON e.id = d.role_id WHERE a.uname = ? 
2017-9-5 09:33:53 http-nio-8080-exec-9 DEBUG ==> Parameters: liubei(String)
2017-9-5 09:33:53 http-nio-8080-exec-9 DEBUG <==      Total: 2
2017-9-5 09:34:17 http-nio-8080-exec-8 DEBUG ==>  Preparing: select * from user where uname = ? 
2017-9-5 09:34:17 http-nio-8080-exec-8 DEBUG ==> Parameters: liubei(String)
2017-9-5 09:34:17 http-nio-8080-exec-8 DEBUG <==      Total: 1
2017-9-5 09:34:17 http-nio-8080-exec-8 DEBUG ==>  Preparing: SELECT a.uname,c.pname,e.rname FROM user as a LEFT JOIN gl_user_permission as b ON a.id = b.user_id LEFT JOIN permission as c ON b.permission_id = c.id LEFT JOIN gl_permission_role as d ON d.permission_id = c.id LEFT JOIN role as e ON e.id = d.role_id WHERE a.uname = ? 
2017-9-5 09:34:17 http-nio-8080-exec-8 DEBUG ==> Parameters: liubei(String)
2017-9-5 09:34:17 http-nio-8080-exec-8 DEBUG <==      Total: 2
2017-9-5 09:34:17 http-nio-8080-exec-8 DEBUG ==>  Preparing: SELECT a.uname,c.pname,e.rname FROM user as a LEFT JOIN gl_user_permission as b ON a.id = b.user_id LEFT JOIN permission as c ON b.permission_id = c.id LEFT JOIN gl_permission_role as d ON d.permission_id = c.id LEFT JOIN role as e ON e.id = d.role_id WHERE a.uname = ? 
2017-9-5 09:34:17 http-nio-8080-exec-8 DEBUG ==> Parameters: liubei(String)
2017-9-5 09:34:17 http-nio-8080-exec-8 DEBUG <==      Total: 2
2017-9-5 09:34:22 http-nio-8080-exec-7 DEBUG ==>  Preparing: select * from user where uname = ? 
2017-9-5 09:34:22 http-nio-8080-exec-7 DEBUG ==> Parameters: liubei(String)
2017-9-5 09:34:22 http-nio-8080-exec-7 DEBUG <==      Total: 1
2017-9-5 09:34:22 http-nio-8080-exec-7 DEBUG ==>  Preparing: SELECT a.uname,c.pname,e.rname FROM user as a LEFT JOIN gl_user_permission as b ON a.id = b.user_id LEFT JOIN permission as c ON b.permission_id = c.id LEFT JOIN gl_permission_role as d ON d.permission_id = c.id LEFT JOIN role as e ON e.id = d.role_id WHERE a.uname = ? 
2017-9-5 09:34:22 http-nio-8080-exec-7 DEBUG ==> Parameters: liubei(String)
2017-9-5 09:34:22 http-nio-8080-exec-7 DEBUG <==      Total: 2
2017-9-5 09:34:22 http-nio-8080-exec-7 DEBUG ==>  Preparing: SELECT a.uname,c.pname,e.rname FROM user as a LEFT JOIN gl_user_permission as b ON a.id = b.user_id LEFT JOIN permission as c ON b.permission_id = c.id LEFT JOIN gl_permission_role as d ON d.permission_id = c.id LEFT JOIN role as e ON e.id = d.role_id WHERE a.uname = ? 
2017-9-5 09:34:22 http-nio-8080-exec-7 DEBUG ==> Parameters: liubei(String)
2017-9-5 09:34:22 http-nio-8080-exec-7 DEBUG <==      Total: 2
2017-9-5 09:34:25 http-nio-8080-exec-6 DEBUG ==>  Preparing: select * from user where uname = ? 
2017-9-5 09:34:25 http-nio-8080-exec-6 DEBUG ==> Parameters: liubei(String)
2017-9-5 09:34:25 http-nio-8080-exec-6 DEBUG <==      Total: 1
2017-9-5 09:34:25 http-nio-8080-exec-6 DEBUG ==>  Preparing: SELECT a.uname,c.pname,e.rname FROM user as a LEFT JOIN gl_user_permission as b ON a.id = b.user_id LEFT JOIN permission as c ON b.permission_id = c.id LEFT JOIN gl_permission_role as d ON d.permission_id = c.id LEFT JOIN role as e ON e.id = d.role_id WHERE a.uname = ? 
2017-9-5 09:34:25 http-nio-8080-exec-6 DEBUG ==> Parameters: liubei(String)
2017-9-5 09:34:25 http-nio-8080-exec-6 DEBUG <==      Total: 2
2017-9-5 09:34:25 http-nio-8080-exec-6 DEBUG ==>  Preparing: SELECT a.uname,c.pname,e.rname FROM user as a LEFT JOIN gl_user_permission as b ON a.id = b.user_id LEFT JOIN permission as c ON b.permission_id = c.id LEFT JOIN gl_permission_role as d ON d.permission_id = c.id LEFT JOIN role as e ON e.id = d.role_id WHERE a.uname = ? 
2017-9-5 09:34:25 http-nio-8080-exec-6 DEBUG ==> Parameters: liubei(String)
2017-9-5 09:34:25 http-nio-8080-exec-6 DEBUG <==      Total: 2
2017-9-5 09:34:28 http-nio-8080-exec-5 DEBUG ==>  Preparing: select * from user where uname = ? 
2017-9-5 09:34:28 http-nio-8080-exec-5 DEBUG ==> Parameters: liubei(String)
2017-9-5 09:34:28 http-nio-8080-exec-5 DEBUG <==      Total: 1
2017-9-5 09:39:25 main INFO Starting ShiroSpringbootApplication on Lenovo-PC with PID 11456 (started by ko in C:\Users\ko\Workspaces\spring tool suite\shiro-springboot)
2017-9-5 09:39:25 main DEBUG Running with Spring Boot v1.5.6.RELEASE, Spring v4.3.10.RELEASE
2017-9-5 09:39:25 main INFO No active profile set, falling back to default profiles: default
2017-9-5 09:39:49 main INFO Started ShiroSpringbootApplication in 24.869 seconds (JVM running for 26.769)
2017-9-5 09:39:58 http-nio-8080-exec-1 DEBUG ==>  Preparing: select * from user where uname = ? 
2017-9-5 09:39:58 http-nio-8080-exec-1 DEBUG ==> Parameters: liubei(String)
2017-9-5 09:39:58 http-nio-8080-exec-1 DEBUG <==      Total: 1
2017-9-5 09:39:58 http-nio-8080-exec-1 DEBUG ==>  Preparing: SELECT a.uname,c.pname,e.rname FROM user as a LEFT JOIN gl_user_permission as b ON a.id = b.user_id LEFT JOIN permission as c ON b.permission_id = c.id LEFT JOIN gl_permission_role as d ON d.permission_id = c.id LEFT JOIN role as e ON e.id = d.role_id WHERE a.uname = ? 
2017-9-5 09:39:58 http-nio-8080-exec-1 DEBUG ==> Parameters: liubei(String)
2017-9-5 09:39:58 http-nio-8080-exec-1 DEBUG <==      Total: 2
2017-9-5 09:39:58 http-nio-8080-exec-1 DEBUG ==>  Preparing: SELECT a.uname,c.pname,e.rname FROM user as a LEFT JOIN gl_user_permission as b ON a.id = b.user_id LEFT JOIN permission as c ON b.permission_id = c.id LEFT JOIN gl_permission_role as d ON d.permission_id = c.id LEFT JOIN role as e ON e.id = d.role_id WHERE a.uname = ? 
2017-9-5 09:39:58 http-nio-8080-exec-1 DEBUG ==> Parameters: liubei(String)
2017-9-5 09:39:58 http-nio-8080-exec-1 DEBUG <==      Total: 2
2017-9-5 09:40:10 http-nio-8080-exec-7 DEBUG ==>  Preparing: select * from user where uname = ? 
2017-9-5 09:40:10 http-nio-8080-exec-7 DEBUG ==> Parameters: liubei(String)
2017-9-5 09:40:10 http-nio-8080-exec-7 DEBUG <==      Total: 1
2017-9-5 09:40:10 http-nio-8080-exec-7 DEBUG ==>  Preparing: SELECT a.uname,c.pname,e.rname FROM user as a LEFT JOIN gl_user_permission as b ON a.id = b.user_id LEFT JOIN permission as c ON b.permission_id = c.id LEFT JOIN gl_permission_role as d ON d.permission_id = c.id LEFT JOIN role as e ON e.id = d.role_id WHERE a.uname = ? 
2017-9-5 09:40:10 http-nio-8080-exec-7 DEBUG ==> Parameters: liubei(String)
2017-9-5 09:40:10 http-nio-8080-exec-7 DEBUG <==      Total: 2
2017-9-5 09:40:10 http-nio-8080-exec-7 DEBUG ==>  Preparing: SELECT a.uname,c.pname,e.rname FROM user as a LEFT JOIN gl_user_permission as b ON a.id = b.user_id LEFT JOIN permission as c ON b.permission_id = c.id LEFT JOIN gl_permission_role as d ON d.permission_id = c.id LEFT JOIN role as e ON e.id = d.role_id WHERE a.uname = ? 
2017-9-5 09:40:10 http-nio-8080-exec-7 DEBUG ==> Parameters: liubei(String)
2017-9-5 09:40:10 http-nio-8080-exec-7 DEBUG <==      Total: 2
2017-9-5 09:40:11 http-nio-8080-exec-3 DEBUG ==>  Preparing: select * from user where uname = ? 
2017-9-5 09:40:11 http-nio-8080-exec-3 DEBUG ==> Parameters: liubei(String)
2017-9-5 09:40:11 http-nio-8080-exec-3 DEBUG <==      Total: 1
2017-9-5 09:40:11 http-nio-8080-exec-3 DEBUG ==>  Preparing: SELECT a.uname,c.pname,e.rname FROM user as a LEFT JOIN gl_user_permission as b ON a.id = b.user_id LEFT JOIN permission as c ON b.permission_id = c.id LEFT JOIN gl_permission_role as d ON d.permission_id = c.id LEFT JOIN role as e ON e.id = d.role_id WHERE a.uname = ? 
2017-9-5 09:40:11 http-nio-8080-exec-3 DEBUG ==> Parameters: liubei(String)
2017-9-5 09:40:11 http-nio-8080-exec-3 DEBUG <==      Total: 2
2017-9-5 09:40:11 http-nio-8080-exec-3 DEBUG ==>  Preparing: SELECT a.uname,c.pname,e.rname FROM user as a LEFT JOIN gl_user_permission as b ON a.id = b.user_id LEFT JOIN permission as c ON b.permission_id = c.id LEFT JOIN gl_permission_role as d ON d.permission_id = c.id LEFT JOIN role as e ON e.id = d.role_id WHERE a.uname = ? 
2017-9-5 09:40:11 http-nio-8080-exec-3 DEBUG ==> Parameters: liubei(String)
2017-9-5 09:40:11 http-nio-8080-exec-3 DEBUG <==      Total: 2
2017-9-5 09:40:11 http-nio-8080-exec-9 DEBUG ==>  Preparing: select * from user where uname = ? 
2017-9-5 09:40:11 http-nio-8080-exec-9 DEBUG ==> Parameters: liubei(String)
2017-9-5 09:40:11 http-nio-8080-exec-9 DEBUG <==      Total: 1
2017-9-5 09:40:11 http-nio-8080-exec-9 DEBUG ==>  Preparing: SELECT a.uname,c.pname,e.rname FROM user as a LEFT JOIN gl_user_permission as b ON a.id = b.user_id LEFT JOIN permission as c ON b.permission_id = c.id LEFT JOIN gl_permission_role as d ON d.permission_id = c.id LEFT JOIN role as e ON e.id = d.role_id WHERE a.uname = ? 
2017-9-5 09:40:11 http-nio-8080-exec-9 DEBUG ==> Parameters: liubei(String)
2017-9-5 09:40:11 http-nio-8080-exec-9 DEBUG <==      Total: 2
2017-9-5 09:40:11 http-nio-8080-exec-9 DEBUG ==>  Preparing: SELECT a.uname,c.pname,e.rname FROM user as a LEFT JOIN gl_user_permission as b ON a.id = b.user_id LEFT JOIN permission as c ON b.permission_id = c.id LEFT JOIN gl_permission_role as d ON d.permission_id = c.id LEFT JOIN role as e ON e.id = d.role_id WHERE a.uname = ? 
2017-9-5 09:40:11 http-nio-8080-exec-9 DEBUG ==> Parameters: liubei(String)
2017-9-5 09:40:11 http-nio-8080-exec-9 DEBUG <==      Total: 2
2017-9-5 09:40:12 http-nio-8080-exec-2 DEBUG ==>  Preparing: select * from user where uname = ? 
2017-9-5 09:40:12 http-nio-8080-exec-2 DEBUG ==> Parameters: liubei(String)
2017-9-5 09:40:12 http-nio-8080-exec-2 DEBUG <==      Total: 1
2017-9-5 09:40:12 http-nio-8080-exec-2 DEBUG ==>  Preparing: SELECT a.uname,c.pname,e.rname FROM user as a LEFT JOIN gl_user_permission as b ON a.id = b.user_id LEFT JOIN permission as c ON b.permission_id = c.id LEFT JOIN gl_permission_role as d ON d.permission_id = c.id LEFT JOIN role as e ON e.id = d.role_id WHERE a.uname = ? 
2017-9-5 09:40:12 http-nio-8080-exec-2 DEBUG ==> Parameters: liubei(String)
2017-9-5 09:40:12 http-nio-8080-exec-2 DEBUG <==      Total: 2
2017-9-5 09:40:12 http-nio-8080-exec-2 DEBUG ==>  Preparing: SELECT a.uname,c.pname,e.rname FROM user as a LEFT JOIN gl_user_permission as b ON a.id = b.user_id LEFT JOIN permission as c ON b.permission_id = c.id LEFT JOIN gl_permission_role as d ON d.permission_id = c.id LEFT JOIN role as e ON e.id = d.role_id WHERE a.uname = ? 
2017-9-5 09:40:12 http-nio-8080-exec-2 DEBUG ==> Parameters: liubei(String)
2017-9-5 09:40:12 http-nio-8080-exec-2 DEBUG <==      Total: 2
2017-9-5 09:40:13 http-nio-8080-exec-6 DEBUG ==>  Preparing: select * from user where uname = ? 
2017-9-5 09:40:13 http-nio-8080-exec-6 DEBUG ==> Parameters: liubei(String)
2017-9-5 09:40:13 http-nio-8080-exec-6 DEBUG <==      Total: 1
2017-9-5 09:40:13 http-nio-8080-exec-6 DEBUG ==>  Preparing: SELECT a.uname,c.pname,e.rname FROM user as a LEFT JOIN gl_user_permission as b ON a.id = b.user_id LEFT JOIN permission as c ON b.permission_id = c.id LEFT JOIN gl_permission_role as d ON d.permission_id = c.id LEFT JOIN role as e ON e.id = d.role_id WHERE a.uname = ? 
2017-9-5 09:40:13 http-nio-8080-exec-6 DEBUG ==> Parameters: liubei(String)
2017-9-5 09:40:13 http-nio-8080-exec-6 DEBUG <==      Total: 2
2017-9-5 09:40:13 http-nio-8080-exec-6 DEBUG ==>  Preparing: SELECT a.uname,c.pname,e.rname FROM user as a LEFT JOIN gl_user_permission as b ON a.id = b.user_id LEFT JOIN permission as c ON b.permission_id = c.id LEFT JOIN gl_permission_role as d ON d.permission_id = c.id LEFT JOIN role as e ON e.id = d.role_id WHERE a.uname = ? 
2017-9-5 09:40:13 http-nio-8080-exec-6 DEBUG ==> Parameters: liubei(String)
2017-9-5 09:40:13 http-nio-8080-exec-6 DEBUG <==      Total: 2
2017-9-5 10:04:56 main INFO Starting ShiroSpringbootApplication on Lenovo-PC with PID 9456 (started by ko in C:\Users\ko\Workspaces\spring tool suite\shiro-springboot)
2017-9-5 10:04:56 main DEBUG Running with Spring Boot v1.5.6.RELEASE, Spring v4.3.10.RELEASE
2017-9-5 10:04:56 main INFO No active profile set, falling back to default profiles: default
2017-9-5 10:05:25 main INFO Started ShiroSpringbootApplication in 29.25 seconds (JVM running for 31.319)
2017-9-5 10:06:36 http-nio-8080-exec-10 DEBUG ==>  Preparing: select * from user where uname = ? 
2017-9-5 10:06:36 http-nio-8080-exec-10 DEBUG ==> Parameters: liubei(String)
2017-9-5 10:06:36 http-nio-8080-exec-10 DEBUG <==      Total: 1
2017-9-5 10:06:50 http-nio-8080-exec-4 DEBUG ==>  Preparing: select * from user where uname = ? 
2017-9-5 10:06:50 http-nio-8080-exec-4 DEBUG ==> Parameters: liubei(String)
2017-9-5 10:06:50 http-nio-8080-exec-4 DEBUG <==      Total: 1
2017-9-5 10:06:50 http-nio-8080-exec-4 DEBUG ==>  Preparing: SELECT a.uname,c.pname,e.rname FROM user as a LEFT JOIN gl_user_permission as b ON a.id = b.user_id LEFT JOIN permission as c ON b.permission_id = c.id LEFT JOIN gl_permission_role as d ON d.permission_id = c.id LEFT JOIN role as e ON e.id = d.role_id WHERE a.uname = ? 
2017-9-5 10:06:50 http-nio-8080-exec-4 DEBUG ==> Parameters: liubei(String)
2017-9-5 10:06:50 http-nio-8080-exec-4 DEBUG <==      Total: 2
2017-9-5 10:06:50 http-nio-8080-exec-4 DEBUG ==>  Preparing: SELECT a.uname,c.pname,e.rname FROM user as a LEFT JOIN gl_user_permission as b ON a.id = b.user_id LEFT JOIN permission as c ON b.permission_id = c.id LEFT JOIN gl_permission_role as d ON d.permission_id = c.id LEFT JOIN role as e ON e.id = d.role_id WHERE a.uname = ? 
2017-9-5 10:06:50 http-nio-8080-exec-4 DEBUG ==> Parameters: liubei(String)
2017-9-5 10:06:50 http-nio-8080-exec-4 DEBUG <==      Total: 2
2017-9-5 10:06:55 http-nio-8080-exec-2 DEBUG ==>  Preparing: select * from user where uname = ? 
2017-9-5 10:06:55 http-nio-8080-exec-2 DEBUG ==> Parameters: liubei(String)
2017-9-5 10:06:55 http-nio-8080-exec-2 DEBUG <==      Total: 1
2017-9-5 10:06:55 http-nio-8080-exec-2 DEBUG ==>  Preparing: SELECT a.uname,c.pname,e.rname FROM user as a LEFT JOIN gl_user_permission as b ON a.id = b.user_id LEFT JOIN permission as c ON b.permission_id = c.id LEFT JOIN gl_permission_role as d ON d.permission_id = c.id LEFT JOIN role as e ON e.id = d.role_id WHERE a.uname = ? 
2017-9-5 10:06:55 http-nio-8080-exec-2 DEBUG ==> Parameters: liubei(String)
2017-9-5 10:06:55 http-nio-8080-exec-2 DEBUG <==      Total: 2
2017-9-5 10:06:55 http-nio-8080-exec-2 DEBUG ==>  Preparing: SELECT a.uname,c.pname,e.rname FROM user as a LEFT JOIN gl_user_permission as b ON a.id = b.user_id LEFT JOIN permission as c ON b.permission_id = c.id LEFT JOIN gl_permission_role as d ON d.permission_id = c.id LEFT JOIN role as e ON e.id = d.role_id WHERE a.uname = ? 
2017-9-5 10:06:55 http-nio-8080-exec-2 DEBUG ==> Parameters: liubei(String)
2017-9-5 10:06:55 http-nio-8080-exec-2 DEBUG <==      Total: 2
2017-9-5 10:06:57 http-nio-8080-exec-10 DEBUG ==>  Preparing: select * from user where uname = ? 
2017-9-5 10:06:57 http-nio-8080-exec-10 DEBUG ==> Parameters: liubei(String)
2017-9-5 10:06:57 http-nio-8080-exec-10 DEBUG <==      Total: 1
2017-9-5 10:06:57 http-nio-8080-exec-10 DEBUG ==>  Preparing: SELECT a.uname,c.pname,e.rname FROM user as a LEFT JOIN gl_user_permission as b ON a.id = b.user_id LEFT JOIN permission as c ON b.permission_id = c.id LEFT JOIN gl_permission_role as d ON d.permission_id = c.id LEFT JOIN role as e ON e.id = d.role_id WHERE a.uname = ? 
2017-9-5 10:06:57 http-nio-8080-exec-10 DEBUG ==> Parameters: liubei(String)
2017-9-5 10:06:57 http-nio-8080-exec-10 DEBUG <==      Total: 2
2017-9-5 10:06:57 http-nio-8080-exec-10 DEBUG ==>  Preparing: SELECT a.uname,c.pname,e.rname FROM user as a LEFT JOIN gl_user_permission as b ON a.id = b.user_id LEFT JOIN permission as c ON b.permission_id = c.id LEFT JOIN gl_permission_role as d ON d.permission_id = c.id LEFT JOIN role as e ON e.id = d.role_id WHERE a.uname = ? 
2017-9-5 10:06:57 http-nio-8080-exec-10 DEBUG ==> Parameters: liubei(String)
2017-9-5 10:06:57 http-nio-8080-exec-10 DEBUG <==      Total: 2
2017-9-5 10:06:58 http-nio-8080-exec-8 DEBUG ==>  Preparing: select * from user where uname = ? 
2017-9-5 10:06:58 http-nio-8080-exec-8 DEBUG ==> Parameters: liubei(String)
2017-9-5 10:06:58 http-nio-8080-exec-8 DEBUG <==      Total: 1
2017-9-5 10:06:58 http-nio-8080-exec-8 DEBUG ==>  Preparing: SELECT a.uname,c.pname,e.rname FROM user as a LEFT JOIN gl_user_permission as b ON a.id = b.user_id LEFT JOIN permission as c ON b.permission_id = c.id LEFT JOIN gl_permission_role as d ON d.permission_id = c.id LEFT JOIN role as e ON e.id = d.role_id WHERE a.uname = ? 
2017-9-5 10:06:58 http-nio-8080-exec-8 DEBUG ==> Parameters: liubei(String)
2017-9-5 10:06:58 http-nio-8080-exec-8 DEBUG <==      Total: 2
2017-9-5 10:06:58 http-nio-8080-exec-8 DEBUG ==>  Preparing: SELECT a.uname,c.pname,e.rname FROM user as a LEFT JOIN gl_user_permission as b ON a.id = b.user_id LEFT JOIN permission as c ON b.permission_id = c.id LEFT JOIN gl_permission_role as d ON d.permission_id = c.id LEFT JOIN role as e ON e.id = d.role_id WHERE a.uname = ? 
2017-9-5 10:06:58 http-nio-8080-exec-8 DEBUG ==> Parameters: liubei(String)
2017-9-5 10:06:58 http-nio-8080-exec-8 DEBUG <==      Total: 2
2017-9-5 10:06:59 http-nio-8080-exec-5 DEBUG ==>  Preparing: select * from user where uname = ? 
2017-9-5 10:06:59 http-nio-8080-exec-5 DEBUG ==> Parameters: liubei(String)
2017-9-5 10:06:59 http-nio-8080-exec-5 DEBUG <==      Total: 1
2017-9-5 10:06:59 http-nio-8080-exec-5 DEBUG ==>  Preparing: SELECT a.uname,c.pname,e.rname FROM user as a LEFT JOIN gl_user_permission as b ON a.id = b.user_id LEFT JOIN permission as c ON b.permission_id = c.id LEFT JOIN gl_permission_role as d ON d.permission_id = c.id LEFT JOIN role as e ON e.id = d.role_id WHERE a.uname = ? 
2017-9-5 10:06:59 http-nio-8080-exec-5 DEBUG ==> Parameters: liubei(String)
2017-9-5 10:06:59 http-nio-8080-exec-5 DEBUG <==      Total: 2
2017-9-5 10:06:59 http-nio-8080-exec-5 DEBUG ==>  Preparing: SELECT a.uname,c.pname,e.rname FROM user as a LEFT JOIN gl_user_permission as b ON a.id = b.user_id LEFT JOIN permission as c ON b.permission_id = c.id LEFT JOIN gl_permission_role as d ON d.permission_id = c.id LEFT JOIN role as e ON e.id = d.role_id WHERE a.uname = ? 
2017-9-5 10:06:59 http-nio-8080-exec-5 DEBUG ==> Parameters: liubei(String)
2017-9-5 10:06:59 http-nio-8080-exec-5 DEBUG <==      Total: 2
2017-9-5 10:07:00 http-nio-8080-exec-4 DEBUG ==>  Preparing: select * from user where uname = ? 
2017-9-5 10:07:00 http-nio-8080-exec-4 DEBUG ==> Parameters: liubei(String)
2017-9-5 10:07:00 http-nio-8080-exec-4 DEBUG <==      Total: 1
2017-9-5 10:07:00 http-nio-8080-exec-4 DEBUG ==>  Preparing: SELECT a.uname,c.pname,e.rname FROM user as a LEFT JOIN gl_user_permission as b ON a.id = b.user_id LEFT JOIN permission as c ON b.permission_id = c.id LEFT JOIN gl_permission_role as d ON d.permission_id = c.id LEFT JOIN role as e ON e.id = d.role_id WHERE a.uname = ? 
2017-9-5 10:07:00 http-nio-8080-exec-4 DEBUG ==> Parameters: liubei(String)
2017-9-5 10:07:00 http-nio-8080-exec-4 DEBUG <==      Total: 2
2017-9-5 10:07:00 http-nio-8080-exec-4 DEBUG ==>  Preparing: SELECT a.uname,c.pname,e.rname FROM user as a LEFT JOIN gl_user_permission as b ON a.id = b.user_id LEFT JOIN permission as c ON b.permission_id = c.id LEFT JOIN gl_permission_role as d ON d.permission_id = c.id LEFT JOIN role as e ON e.id = d.role_id WHERE a.uname = ? 
2017-9-5 10:07:00 http-nio-8080-exec-4 DEBUG ==> Parameters: liubei(String)
2017-9-5 10:07:00 http-nio-8080-exec-4 DEBUG <==      Total: 2
2017-9-5 10:08:09 http-nio-8080-exec-7 DEBUG ==>  Preparing: select * from user where uname = ? 
2017-9-5 10:08:09 http-nio-8080-exec-7 DEBUG ==> Parameters: liubei(String)
2017-9-5 10:08:09 http-nio-8080-exec-7 DEBUG <==      Total: 1
2017-9-5 10:08:09 http-nio-8080-exec-7 DEBUG ==>  Preparing: SELECT a.uname,c.pname,e.rname FROM user as a LEFT JOIN gl_user_permission as b ON a.id = b.user_id LEFT JOIN permission as c ON b.permission_id = c.id LEFT JOIN gl_permission_role as d ON d.permission_id = c.id LEFT JOIN role as e ON e.id = d.role_id WHERE a.uname = ? 
2017-9-5 10:08:09 http-nio-8080-exec-7 DEBUG ==> Parameters: liubei(String)
2017-9-5 10:08:09 http-nio-8080-exec-7 DEBUG <==      Total: 2
2017-9-5 10:08:09 http-nio-8080-exec-7 DEBUG ==>  Preparing: SELECT a.uname,c.pname,e.rname FROM user as a LEFT JOIN gl_user_permission as b ON a.id = b.user_id LEFT JOIN permission as c ON b.permission_id = c.id LEFT JOIN gl_permission_role as d ON d.permission_id = c.id LEFT JOIN role as e ON e.id = d.role_id WHERE a.uname = ? 
2017-9-5 10:08:09 http-nio-8080-exec-7 DEBUG ==> Parameters: liubei(String)
2017-9-5 10:08:09 http-nio-8080-exec-7 DEBUG <==      Total: 2
2017-9-5 10:09:19 main INFO Starting ShiroSpringbootApplication on Lenovo-PC with PID 17780 (started by ko in C:\Users\ko\Workspaces\spring tool suite\shiro-springboot)
2017-9-5 10:09:19 main DEBUG Running with Spring Boot v1.5.6.RELEASE, Spring v4.3.10.RELEASE
2017-9-5 10:09:19 main INFO No active profile set, falling back to default profiles: default
2017-9-5 10:09:46 main INFO Started ShiroSpringbootApplication in 27.223 seconds (JVM running for 29.038)
2017-9-5 10:09:53 http-nio-8080-exec-1 DEBUG ==>  Preparing: select * from user where uname = ? 
2017-9-5 10:09:53 http-nio-8080-exec-1 DEBUG ==> Parameters: liubei(String)
2017-9-5 10:09:53 http-nio-8080-exec-1 DEBUG <==      Total: 1
2017-9-5 10:09:53 http-nio-8080-exec-1 DEBUG ==>  Preparing: SELECT a.uname,c.pname,e.rname FROM user as a LEFT JOIN gl_user_permission as b ON a.id = b.user_id LEFT JOIN permission as c ON b.permission_id = c.id LEFT JOIN gl_permission_role as d ON d.permission_id = c.id LEFT JOIN role as e ON e.id = d.role_id WHERE a.uname = ? 
2017-9-5 10:09:53 http-nio-8080-exec-1 DEBUG ==> Parameters: liubei(String)
2017-9-5 10:09:53 http-nio-8080-exec-1 DEBUG <==      Total: 2
2017-9-5 10:09:53 http-nio-8080-exec-1 DEBUG ==>  Preparing: SELECT a.uname,c.pname,e.rname FROM user as a LEFT JOIN gl_user_permission as b ON a.id = b.user_id LEFT JOIN permission as c ON b.permission_id = c.id LEFT JOIN gl_permission_role as d ON d.permission_id = c.id LEFT JOIN role as e ON e.id = d.role_id WHERE a.uname = ? 
2017-9-5 10:09:53 http-nio-8080-exec-1 DEBUG ==> Parameters: liubei(String)
2017-9-5 10:09:53 http-nio-8080-exec-1 DEBUG <==      Total: 2
2017-9-5 10:09:53 http-nio-8080-exec-3 DEBUG ==>  Preparing: select * from user where uname = ? 
2017-9-5 10:09:53 http-nio-8080-exec-3 DEBUG ==> Parameters: liubei(String)
2017-9-5 10:09:53 http-nio-8080-exec-3 DEBUG <==      Total: 1
2017-9-5 10:09:53 http-nio-8080-exec-3 DEBUG ==>  Preparing: SELECT a.uname,c.pname,e.rname FROM user as a LEFT JOIN gl_user_permission as b ON a.id = b.user_id LEFT JOIN permission as c ON b.permission_id = c.id LEFT JOIN gl_permission_role as d ON d.permission_id = c.id LEFT JOIN role as e ON e.id = d.role_id WHERE a.uname = ? 
2017-9-5 10:09:53 http-nio-8080-exec-3 DEBUG ==> Parameters: liubei(String)
2017-9-5 10:09:53 http-nio-8080-exec-3 DEBUG <==      Total: 2
2017-9-5 10:09:53 http-nio-8080-exec-3 DEBUG ==>  Preparing: SELECT a.uname,c.pname,e.rname FROM user as a LEFT JOIN gl_user_permission as b ON a.id = b.user_id LEFT JOIN permission as c ON b.permission_id = c.id LEFT JOIN gl_permission_role as d ON d.permission_id = c.id LEFT JOIN role as e ON e.id = d.role_id WHERE a.uname = ? 
2017-9-5 10:09:53 http-nio-8080-exec-3 DEBUG ==> Parameters: liubei(String)
2017-9-5 10:09:53 http-nio-8080-exec-3 DEBUG <==      Total: 2
2017-9-5 10:09:55 http-nio-8080-exec-4 DEBUG ==>  Preparing: select * from user where uname = ? 
2017-9-5 10:09:55 http-nio-8080-exec-4 DEBUG ==> Parameters: liubei(String)
2017-9-5 10:09:55 http-nio-8080-exec-4 DEBUG <==      Total: 1
2017-9-5 10:10:01 http-nio-8080-exec-5 DEBUG ==>  Preparing: select * from user where uname = ? 
2017-9-5 10:10:01 http-nio-8080-exec-5 DEBUG ==> Parameters: liubei(String)
2017-9-5 10:10:01 http-nio-8080-exec-5 DEBUG <==      Total: 1
2017-9-5 10:10:01 http-nio-8080-exec-5 DEBUG ==>  Preparing: SELECT a.uname,c.pname,e.rname FROM user as a LEFT JOIN gl_user_permission as b ON a.id = b.user_id LEFT JOIN permission as c ON b.permission_id = c.id LEFT JOIN gl_permission_role as d ON d.permission_id = c.id LEFT JOIN role as e ON e.id = d.role_id WHERE a.uname = ? 
2017-9-5 10:10:01 http-nio-8080-exec-5 DEBUG ==> Parameters: liubei(String)
2017-9-5 10:10:01 http-nio-8080-exec-5 DEBUG <==      Total: 2
2017-9-5 10:10:01 http-nio-8080-exec-5 DEBUG ==>  Preparing: SELECT a.uname,c.pname,e.rname FROM user as a LEFT JOIN gl_user_permission as b ON a.id = b.user_id LEFT JOIN permission as c ON b.permission_id = c.id LEFT JOIN gl_permission_role as d ON d.permission_id = c.id LEFT JOIN role as e ON e.id = d.role_id WHERE a.uname = ? 
2017-9-5 10:10:01 http-nio-8080-exec-5 DEBUG ==> Parameters: liubei(String)
2017-9-5 10:10:01 http-nio-8080-exec-5 DEBUG <==      Total: 2
2017-9-5 10:10:02 http-nio-8080-exec-10 DEBUG ==>  Preparing: select * from user where uname = ? 
2017-9-5 10:10:02 http-nio-8080-exec-10 DEBUG ==> Parameters: liubei(String)
2017-9-5 10:10:02 http-nio-8080-exec-10 DEBUG <==      Total: 1
2017-9-5 10:10:02 http-nio-8080-exec-10 DEBUG ==>  Preparing: SELECT a.uname,c.pname,e.rname FROM user as a LEFT JOIN gl_user_permission as b ON a.id = b.user_id LEFT JOIN permission as c ON b.permission_id = c.id LEFT JOIN gl_permission_role as d ON d.permission_id = c.id LEFT JOIN role as e ON e.id = d.role_id WHERE a.uname = ? 
2017-9-5 10:10:02 http-nio-8080-exec-10 DEBUG ==> Parameters: liubei(String)
2017-9-5 10:10:02 http-nio-8080-exec-10 DEBUG <==      Total: 2
2017-9-5 10:10:02 http-nio-8080-exec-10 DEBUG ==>  Preparing: SELECT a.uname,c.pname,e.rname FROM user as a LEFT JOIN gl_user_permission as b ON a.id = b.user_id LEFT JOIN permission as c ON b.permission_id = c.id LEFT JOIN gl_permission_role as d ON d.permission_id = c.id LEFT JOIN role as e ON e.id = d.role_id WHERE a.uname = ? 
2017-9-5 10:10:02 http-nio-8080-exec-10 DEBUG ==> Parameters: liubei(String)
2017-9-5 10:10:02 http-nio-8080-exec-10 DEBUG <==      Total: 2
2017-9-5 10:10:03 http-nio-8080-exec-1 DEBUG ==>  Preparing: select * from user where uname = ? 
2017-9-5 10:10:03 http-nio-8080-exec-1 DEBUG ==> Parameters: liubei(String)
2017-9-5 10:10:03 http-nio-8080-exec-1 DEBUG <==      Total: 1
2017-9-5 10:10:13 http-nio-8080-exec-6 DEBUG ==>  Preparing: select * from user where uname = ? 
2017-9-5 10:10:13 http-nio-8080-exec-6 DEBUG ==> Parameters: liubei(String)
2017-9-5 10:10:13 http-nio-8080-exec-6 DEBUG <==      Total: 1
2017-9-5 10:10:13 http-nio-8080-exec-6 DEBUG ==>  Preparing: SELECT a.uname,c.pname,e.rname FROM user as a LEFT JOIN gl_user_permission as b ON a.id = b.user_id LEFT JOIN permission as c ON b.permission_id = c.id LEFT JOIN gl_permission_role as d ON d.permission_id = c.id LEFT JOIN role as e ON e.id = d.role_id WHERE a.uname = ? 
2017-9-5 10:10:13 http-nio-8080-exec-6 DEBUG ==> Parameters: liubei(String)
2017-9-5 10:10:13 http-nio-8080-exec-6 DEBUG <==      Total: 2
2017-9-5 10:10:13 http-nio-8080-exec-6 DEBUG ==>  Preparing: SELECT a.uname,c.pname,e.rname FROM user as a LEFT JOIN gl_user_permission as b ON a.id = b.user_id LEFT JOIN permission as c ON b.permission_id = c.id LEFT JOIN gl_permission_role as d ON d.permission_id = c.id LEFT JOIN role as e ON e.id = d.role_id WHERE a.uname = ? 
2017-9-5 10:10:13 http-nio-8080-exec-6 DEBUG ==> Parameters: liubei(String)
2017-9-5 10:10:13 http-nio-8080-exec-6 DEBUG <==      Total: 2
2017-9-5 10:10:14 http-nio-8080-exec-7 DEBUG ==>  Preparing: select * from user where uname = ? 
2017-9-5 10:10:14 http-nio-8080-exec-7 DEBUG ==> Parameters: liubei(String)
2017-9-5 10:10:14 http-nio-8080-exec-7 DEBUG <==      Total: 1
2017-9-5 10:10:14 http-nio-8080-exec-7 DEBUG ==>  Preparing: SELECT a.uname,c.pname,e.rname FROM user as a LEFT JOIN gl_user_permission as b ON a.id = b.user_id LEFT JOIN permission as c ON b.permission_id = c.id LEFT JOIN gl_permission_role as d ON d.permission_id = c.id LEFT JOIN role as e ON e.id = d.role_id WHERE a.uname = ? 
2017-9-5 10:10:14 http-nio-8080-exec-7 DEBUG ==> Parameters: liubei(String)
2017-9-5 10:10:14 http-nio-8080-exec-7 DEBUG <==      Total: 2
2017-9-5 10:10:14 http-nio-8080-exec-7 DEBUG ==>  Preparing: SELECT a.uname,c.pname,e.rname FROM user as a LEFT JOIN gl_user_permission as b ON a.id = b.user_id LEFT JOIN permission as c ON b.permission_id = c.id LEFT JOIN gl_permission_role as d ON d.permission_id = c.id LEFT JOIN role as e ON e.id = d.role_id WHERE a.uname = ? 
2017-9-5 10:10:14 http-nio-8080-exec-7 DEBUG ==> Parameters: liubei(String)
2017-9-5 10:10:14 http-nio-8080-exec-7 DEBUG <==      Total: 2
2017-9-5 10:10:28 http-nio-8080-exec-7 DEBUG ==>  Preparing: UPDATE user SET uname=?,islock=?,password=? WHERE id =? 
2017-9-5 10:10:28 http-nio-8080-exec-7 DEBUG ==> Parameters: liubei(String), 1(Integer), c5b7e4bf2f0a42e83085b039e156248a(String), 2(Integer)
2017-9-5 10:10:28 http-nio-8080-exec-7 DEBUG <==    Updates: 1
2017-9-5 10:30:07 main INFO Starting ShiroSpringbootApplication on Lenovo-PC with PID 11420 (started by ko in C:\Users\ko\Workspaces\spring tool suite\shiro-springboot)
2017-9-5 10:30:07 main DEBUG Running with Spring Boot v1.5.6.RELEASE, Spring v4.3.10.RELEASE
2017-9-5 10:30:07 main INFO No active profile set, falling back to default profiles: default
2017-9-5 10:30:32 main INFO Started ShiroSpringbootApplication in 26.294 seconds (JVM running for 28.375)
2017-9-5 10:34:44 main INFO Starting ShiroSpringbootApplication on Lenovo-PC with PID 13076 (started by ko in C:\Users\ko\Workspaces\spring tool suite\shiro-springboot)
2017-9-5 10:34:44 main DEBUG Running with Spring Boot v1.5.6.RELEASE, Spring v4.3.10.RELEASE
2017-9-5 10:34:44 main INFO No active profile set, falling back to default profiles: default
2017-9-5 10:35:11 main INFO Started ShiroSpringbootApplication in 27.125 seconds (JVM running for 29.458)
2017-9-5 14:17:30 main INFO Starting ShiroSpringbootApplication on Lenovo-PC with PID 10320 (started by ko in C:\Users\ko\Workspaces\spring tool suite\shiro-springboot)
2017-9-5 14:17:30 main DEBUG Running with Spring Boot v1.5.6.RELEASE, Spring v4.3.10.RELEASE
2017-9-5 14:17:30 main INFO No active profile set, falling back to default profiles: default
2017-9-5 14:17:55 main INFO Started ShiroSpringbootApplication in 26.019 seconds (JVM running for 28.144)
2017-9-5 14:18:17 main INFO Starting ShiroSpringbootApplication on Lenovo-PC with PID 16152 (started by ko in C:\Users\ko\Workspaces\spring tool suite\shiro-springboot)
2017-9-5 14:18:17 main DEBUG Running with Spring Boot v1.5.6.RELEASE, Spring v4.3.10.RELEASE
2017-9-5 14:18:17 main INFO No active profile set, falling back to default profiles: default
2017-9-5 14:18:44 main INFO Started ShiroSpringbootApplication in 27.917 seconds (JVM running for 29.883)
2017-9-5 14:18:57 http-nio-8080-exec-1 DEBUG ==>  Preparing: select * from user where uname = ? 
2017-9-5 14:18:57 http-nio-8080-exec-1 DEBUG ==> Parameters: liubei(String)
2017-9-5 14:18:57 http-nio-8080-exec-1 DEBUG <==      Total: 1
2017-9-5 14:19:40 http-nio-8080-exec-3 DEBUG ==>  Preparing: select * from user where uname = ? 
2017-9-5 14:19:40 http-nio-8080-exec-3 DEBUG ==> Parameters: liubei(String)
2017-9-5 14:19:40 http-nio-8080-exec-3 DEBUG <==      Total: 1
2017-9-5 14:19:40 http-nio-8080-exec-3 DEBUG ==>  Preparing: SELECT a.uname,c.pname,e.rname FROM user as a LEFT JOIN gl_user_permission as b ON a.id = b.user_id LEFT JOIN permission as c ON b.permission_id = c.id LEFT JOIN gl_permission_role as d ON d.permission_id = c.id LEFT JOIN role as e ON e.id = d.role_id WHERE a.uname = ? 
2017-9-5 14:19:40 http-nio-8080-exec-3 DEBUG ==> Parameters: liubei(String)
2017-9-5 14:19:40 http-nio-8080-exec-3 DEBUG <==      Total: 2
2017-9-5 14:19:40 http-nio-8080-exec-3 DEBUG ==>  Preparing: SELECT a.uname,c.pname,e.rname FROM user as a LEFT JOIN gl_user_permission as b ON a.id = b.user_id LEFT JOIN permission as c ON b.permission_id = c.id LEFT JOIN gl_permission_role as d ON d.permission_id = c.id LEFT JOIN role as e ON e.id = d.role_id WHERE a.uname = ? 
2017-9-5 14:19:40 http-nio-8080-exec-3 DEBUG ==> Parameters: liubei(String)
2017-9-5 14:19:40 http-nio-8080-exec-3 DEBUG <==      Total: 2
2017-9-5 14:19:44 http-nio-8080-exec-6 DEBUG ==>  Preparing: select * from user where uname = ? 
2017-9-5 14:19:44 http-nio-8080-exec-6 DEBUG ==> Parameters: liubei(String)
2017-9-5 14:19:44 http-nio-8080-exec-6 DEBUG <==      Total: 1
2017-9-5 14:19:44 http-nio-8080-exec-6 DEBUG ==>  Preparing: SELECT a.uname,c.pname,e.rname FROM user as a LEFT JOIN gl_user_permission as b ON a.id = b.user_id LEFT JOIN permission as c ON b.permission_id = c.id LEFT JOIN gl_permission_role as d ON d.permission_id = c.id LEFT JOIN role as e ON e.id = d.role_id WHERE a.uname = ? 
2017-9-5 14:19:44 http-nio-8080-exec-6 DEBUG ==> Parameters: liubei(String)
2017-9-5 14:19:44 http-nio-8080-exec-6 DEBUG <==      Total: 2
2017-9-5 14:19:44 http-nio-8080-exec-6 DEBUG ==>  Preparing: SELECT a.uname,c.pname,e.rname FROM user as a LEFT JOIN gl_user_permission as b ON a.id = b.user_id LEFT JOIN permission as c ON b.permission_id = c.id LEFT JOIN gl_permission_role as d ON d.permission_id = c.id LEFT JOIN role as e ON e.id = d.role_id WHERE a.uname = ? 
2017-9-5 14:19:44 http-nio-8080-exec-6 DEBUG ==> Parameters: liubei(String)
2017-9-5 14:19:44 http-nio-8080-exec-6 DEBUG <==      Total: 2
2017-9-5 14:20:04 http-nio-8080-exec-4 DEBUG ==>  Preparing: select * from user where uname = ? 
2017-9-5 14:20:04 http-nio-8080-exec-4 DEBUG ==> Parameters: liubei(String)
2017-9-5 14:20:04 http-nio-8080-exec-4 DEBUG <==      Total: 1
2017-9-5 14:20:04 http-nio-8080-exec-4 DEBUG ==>  Preparing: SELECT a.uname,c.pname,e.rname FROM user as a LEFT JOIN gl_user_permission as b ON a.id = b.user_id LEFT JOIN permission as c ON b.permission_id = c.id LEFT JOIN gl_permission_role as d ON d.permission_id = c.id LEFT JOIN role as e ON e.id = d.role_id WHERE a.uname = ? 
2017-9-5 14:20:04 http-nio-8080-exec-4 DEBUG ==> Parameters: liubei(String)
2017-9-5 14:20:04 http-nio-8080-exec-4 DEBUG <==      Total: 2
2017-9-5 14:20:04 http-nio-8080-exec-4 DEBUG ==>  Preparing: SELECT a.uname,c.pname,e.rname FROM user as a LEFT JOIN gl_user_permission as b ON a.id = b.user_id LEFT JOIN permission as c ON b.permission_id = c.id LEFT JOIN gl_permission_role as d ON d.permission_id = c.id LEFT JOIN role as e ON e.id = d.role_id WHERE a.uname = ? 
2017-9-5 14:20:04 http-nio-8080-exec-4 DEBUG ==> Parameters: liubei(String)
2017-9-5 14:20:04 http-nio-8080-exec-4 DEBUG <==      Total: 2
2017-9-5 14:20:29 http-nio-8080-exec-8 DEBUG ==>  Preparing: select * from user where uname = ? 
2017-9-5 14:20:29 http-nio-8080-exec-8 DEBUG ==> Parameters: liubei(String)
2017-9-5 14:20:29 http-nio-8080-exec-8 DEBUG <==      Total: 1
2017-9-5 14:20:29 http-nio-8080-exec-8 DEBUG ==>  Preparing: SELECT a.uname,c.pname,e.rname FROM user as a LEFT JOIN gl_user_permission as b ON a.id = b.user_id LEFT JOIN permission as c ON b.permission_id = c.id LEFT JOIN gl_permission_role as d ON d.permission_id = c.id LEFT JOIN role as e ON e.id = d.role_id WHERE a.uname = ? 
2017-9-5 14:20:29 http-nio-8080-exec-8 DEBUG ==> Parameters: liubei(String)
2017-9-5 14:20:29 http-nio-8080-exec-8 DEBUG <==      Total: 2
2017-9-5 14:20:29 http-nio-8080-exec-8 DEBUG ==>  Preparing: SELECT a.uname,c.pname,e.rname FROM user as a LEFT JOIN gl_user_permission as b ON a.id = b.user_id LEFT JOIN permission as c ON b.permission_id = c.id LEFT JOIN gl_permission_role as d ON d.permission_id = c.id LEFT JOIN role as e ON e.id = d.role_id WHERE a.uname = ? 
2017-9-5 14:20:29 http-nio-8080-exec-8 DEBUG ==> Parameters: liubei(String)
2017-9-5 14:20:29 http-nio-8080-exec-8 DEBUG <==      Total: 2
2017-9-5 14:20:29 http-nio-8080-exec-8 DEBUG ==>  Preparing: UPDATE user SET uname=?,islock=?,password=? WHERE id =? 
2017-9-5 14:20:29 http-nio-8080-exec-8 DEBUG ==> Parameters: liubei(String), 0(Integer), c5b7e4bf2f0a42e83085b039e156248a(String), 2(Integer)
2017-9-5 14:20:30 http-nio-8080-exec-8 DEBUG <==    Updates: 1
