2017-9-4 11:05:34 main INFO Starting ShiroSpringbootApplication on Lenovo-PC with PID 15868 (started by ko in C:\Users\ko\Workspaces\spring tool suite\shiro-springboot)
2017-9-4 11:05:34 main DEBUG Running with Spring Boot v1.5.6.RELEASE, Spring v4.3.10.RELEASE
2017-9-4 11:05:34 main INFO No active profile set, falling back to default profiles: default
2017-9-4 11:08:32 main INFO Starting ShiroSpringbootApplication on Lenovo-PC with PID 1788 (started by ko in C:\Users\ko\Workspaces\spring tool suite\shiro-springboot)
2017-9-4 11:08:32 main DEBUG Running with Spring Boot v1.5.6.RELEASE, Spring v4.3.10.RELEASE
2017-9-4 11:08:32 main INFO No active profile set, falling back to default profiles: default
2017-9-4 11:09:32 main INFO Starting ShiroSpringbootApplication on Lenovo-PC with PID 14736 (started by ko in C:\Users\ko\Workspaces\spring tool suite\shiro-springboot)
2017-9-4 11:09:32 main DEBUG Running with Spring Boot v1.5.6.RELEASE, Spring v4.3.10.RELEASE
2017-9-4 11:09:32 main INFO No active profile set, falling back to default profiles: default
2017-9-4 11:12:31 main INFO Starting ShiroSpringbootApplication on Lenovo-PC with PID 18944 (started by ko in C:\Users\ko\Workspaces\spring tool suite\shiro-springboot)
2017-9-4 11:12:31 main DEBUG Running with Spring Boot v1.5.6.RELEASE, Spring v4.3.10.RELEASE
2017-9-4 11:12:31 main INFO No active profile set, falling back to default profiles: default
2017-9-4 11:18:53 main INFO Starting ShiroSpringbootApplication on Lenovo-PC with PID 12416 (started by ko in C:\Users\ko\Workspaces\spring tool suite\shiro-springboot)
2017-9-4 11:18:53 main DEBUG Running with Spring Boot v1.5.6.RELEASE, Spring v4.3.10.RELEASE
2017-9-4 11:18:53 main INFO No active profile set, falling back to default profiles: default
2017-9-4 11:21:11 main INFO Starting ShiroSpringbootApplication on Lenovo-PC with PID 1732 (started by ko in C:\Users\ko\Workspaces\spring tool suite\shiro-springboot)
2017-9-4 11:21:11 main DEBUG Running with Spring Boot v1.5.6.RELEASE, Spring v4.3.10.RELEASE
2017-9-4 11:21:11 main INFO No active profile set, falling back to default profiles: default
2017-9-4 11:21:26 main INFO Started ShiroSpringbootApplication in 16.206 seconds (JVM running for 17.786)
2017-9-4 11:22:12 main INFO Starting ShiroSpringbootApplication on Lenovo-PC with PID 572 (started by ko in C:\Users\ko\Workspaces\spring tool suite\shiro-springboot)
2017-9-4 11:22:12 main DEBUG Running with Spring Boot v1.5.6.RELEASE, Spring v4.3.10.RELEASE
2017-9-4 11:22:12 main INFO No active profile set, falling back to default profiles: default
2017-9-4 11:26:45 main INFO Starting ShiroSpringbootApplication on Lenovo-PC with PID 9016 (started by ko in C:\Users\ko\Workspaces\spring tool suite\shiro-springboot)
2017-9-4 11:26:45 main DEBUG Running with Spring Boot v1.5.6.RELEASE, Spring v4.3.10.RELEASE
2017-9-4 11:26:45 main INFO No active profile set, falling back to default profiles: default
2017-9-4 11:34:25 main INFO Starting ShiroSpringbootApplication on Lenovo-PC with PID 6544 (started by ko in C:\Users\ko\Workspaces\spring tool suite\shiro-springboot)
2017-9-4 11:34:25 main DEBUG Running with Spring Boot v1.5.6.RELEASE, Spring v4.3.10.RELEASE
2017-9-4 11:34:25 main INFO No active profile set, falling back to default profiles: default
2017-9-4 13:44:38 main INFO Starting ShiroSpringbootApplication on Lenovo-PC with PID 4176 (started by ko in C:\Users\ko\Workspaces\spring tool suite\shiro-springboot)
2017-9-4 13:44:38 main DEBUG Running with Spring Boot v1.5.6.RELEASE, Spring v4.3.10.RELEASE
2017-9-4 13:44:38 main INFO No active profile set, falling back to default profiles: default
2017-9-4 13:53:21 main INFO Starting ShiroSpringbootApplication on Lenovo-PC with PID 4484 (started by ko in C:\Users\ko\Workspaces\spring tool suite\shiro-springboot)
2017-9-4 13:53:21 main DEBUG Running with Spring Boot v1.5.6.RELEASE, Spring v4.3.10.RELEASE
2017-9-4 13:53:21 main INFO No active profile set, falling back to default profiles: default
2017-9-4 14:37:59 main INFO Starting ShiroSpringbootApplication on Lenovo-PC with PID 11996 (started by ko in C:\Users\ko\Workspaces\spring tool suite\shiro-springboot)
2017-9-4 14:37:59 main DEBUG Running with Spring Boot v1.5.6.RELEASE, Spring v4.3.10.RELEASE
2017-9-4 14:37:59 main INFO No active profile set, falling back to default profiles: default
2017-9-4 14:38:19 main INFO Started ShiroSpringbootApplication in 20.298 seconds (JVM running for 21.876)
2017-9-4 14:42:33 main INFO Starting ShiroSpringbootApplication on Lenovo-PC with PID 18880 (started by ko in C:\Users\ko\Workspaces\spring tool suite\shiro-springboot)
2017-9-4 14:42:33 main DEBUG Running with Spring Boot v1.5.6.RELEASE, Spring v4.3.10.RELEASE
2017-9-4 14:42:33 main INFO No active profile set, falling back to default profiles: default
2017-9-4 14:43:03 main INFO Started ShiroSpringbootApplication in 29.759 seconds (JVM running for 31.03)
2017-9-4 14:44:25 main INFO Starting ShiroSpringbootApplication on Lenovo-PC with PID 17732 (started by ko in C:\Users\ko\Workspaces\spring tool suite\shiro-springboot)
2017-9-4 14:44:25 main DEBUG Running with Spring Boot v1.5.6.RELEASE, Spring v4.3.10.RELEASE
2017-9-4 14:44:25 main INFO No active profile set, falling back to default profiles: default
2017-9-4 14:44:54 main INFO Started ShiroSpringbootApplication in 29.446 seconds (JVM running for 30.97)
2017-9-4 14:51:46 main INFO Starting ShiroSpringbootApplication on Lenovo-PC with PID 11840 (started by ko in C:\Users\ko\Workspaces\spring tool suite\shiro-springboot)
2017-9-4 14:51:46 main DEBUG Running with Spring Boot v1.5.6.RELEASE, Spring v4.3.10.RELEASE
2017-9-4 14:51:46 main INFO No active profile set, falling back to default profiles: default
2017-9-4 14:52:22 main INFO Started ShiroSpringbootApplication in 37.365 seconds (JVM running for 38.655)
2017-9-4 14:53:19 main INFO Starting ShiroSpringbootApplication on Lenovo-PC with PID 19944 (started by ko in C:\Users\ko\Workspaces\spring tool suite\shiro-springboot)
2017-9-4 14:53:19 main DEBUG Running with Spring Boot v1.5.6.RELEASE, Spring v4.3.10.RELEASE
2017-9-4 14:53:19 main INFO No active profile set, falling back to default profiles: default
2017-9-4 14:53:36 main INFO Started ShiroSpringbootApplication in 18.244 seconds (JVM running for 19.758)
2017-9-4 14:56:29 main INFO Starting ShiroSpringbootApplication on Lenovo-PC with PID 16884 (started by ko in C:\Users\ko\Workspaces\spring tool suite\shiro-springboot)
2017-9-4 14:56:29 main DEBUG Running with Spring Boot v1.5.6.RELEASE, Spring v4.3.10.RELEASE
2017-9-4 14:56:29 main INFO No active profile set, falling back to default profiles: default
2017-9-4 14:56:44 main INFO Started ShiroSpringbootApplication in 15.72 seconds (JVM running for 17.397)
2017-9-4 14:56:57 http-nio-8080-exec-9 DEBUG ==>  Preparing: select * from user where uname = ? 
2017-9-4 14:56:57 http-nio-8080-exec-9 DEBUG ==> Parameters: null
2017-9-4 14:56:57 http-nio-8080-exec-9 DEBUG <==      Total: 0
2017-9-4 14:57:51 main INFO Starting ShiroSpringbootApplication on Lenovo-PC with PID 10724 (started by ko in C:\Users\ko\Workspaces\spring tool suite\shiro-springboot)
2017-9-4 14:57:51 main DEBUG Running with Spring Boot v1.5.6.RELEASE, Spring v4.3.10.RELEASE
2017-9-4 14:57:51 main INFO No active profile set, falling back to default profiles: default
2017-9-4 14:58:05 main INFO Started ShiroSpringbootApplication in 14.629 seconds (JVM running for 17.032)
2017-9-4 14:58:14 http-nio-8080-exec-10 DEBUG ==>  Preparing: select * from user where uname = ? 
2017-9-4 14:58:14 http-nio-8080-exec-10 DEBUG ==> Parameters: liubei(String)
2017-9-4 14:58:14 http-nio-8080-exec-10 DEBUG <==      Total: 1
2017-9-4 14:59:26 main INFO Starting ShiroSpringbootApplication on Lenovo-PC with PID 18668 (started by ko in C:\Users\ko\Workspaces\spring tool suite\shiro-springboot)
2017-9-4 14:59:26 main DEBUG Running with Spring Boot v1.5.6.RELEASE, Spring v4.3.10.RELEASE
2017-9-4 14:59:26 main INFO No active profile set, falling back to default profiles: default
2017-9-4 14:59:41 main INFO Started ShiroSpringbootApplication in 15.804 seconds (JVM running for 18.312)
2017-9-4 15:00:27 main INFO Starting ShiroSpringbootApplication on Lenovo-PC with PID 10368 (started by ko in C:\Users\ko\Workspaces\spring tool suite\shiro-springboot)
2017-9-4 15:00:27 main DEBUG Running with Spring Boot v1.5.6.RELEASE, Spring v4.3.10.RELEASE
2017-9-4 15:00:27 main INFO No active profile set, falling back to default profiles: default
2017-9-4 15:00:59 main INFO Started ShiroSpringbootApplication in 32.932 seconds (JVM running for 35.181)
2017-9-4 15:04:56 http-nio-8080-exec-1 DEBUG ==>  Preparing: select * from user where uname = ? 
2017-9-4 15:04:56 http-nio-8080-exec-1 DEBUG ==> Parameters: liubei(String)
2017-9-4 15:04:57 http-nio-8080-exec-1 DEBUG <==      Total: 1
2017-9-4 15:04:57 http-nio-8080-exec-1 DEBUG ==>  Preparing: SELECT a.uname,c.pname,e.rname FROM user as a LEFT JOIN gl_user_permission as b ON a.id = b.user_id LEFT JOIN permission as c ON b.permission_id = c.id LEFT JOIN gl_permission_role as d ON d.permission_id = c.id LEFT JOIN role as e ON e.id = d.role_id WHERE a.uname = ? 
2017-9-4 15:04:57 http-nio-8080-exec-1 DEBUG ==> Parameters: liubei(String)
2017-9-4 15:04:57 http-nio-8080-exec-1 DEBUG <==      Total: 2
2017-9-4 15:04:57 http-nio-8080-exec-1 DEBUG ==>  Preparing: SELECT a.uname,c.pname,e.rname FROM user as a LEFT JOIN gl_user_permission as b ON a.id = b.user_id LEFT JOIN permission as c ON b.permission_id = c.id LEFT JOIN gl_permission_role as d ON d.permission_id = c.id LEFT JOIN role as e ON e.id = d.role_id WHERE a.uname = ? 
2017-9-4 15:04:57 http-nio-8080-exec-1 DEBUG ==> Parameters: liubei(String)
2017-9-4 15:04:57 http-nio-8080-exec-1 DEBUG <==      Total: 2
2017-9-4 16:38:16 main INFO Starting ShiroSpringbootApplication on Lenovo-PC with PID 16720 (started by ko in C:\Users\ko\Workspaces\spring tool suite\shiro-springboot)
2017-9-4 16:38:16 main DEBUG Running with Spring Boot v1.5.6.RELEASE, Spring v4.3.10.RELEASE
2017-9-4 16:38:16 main INFO No active profile set, falling back to default profiles: default
2017-9-4 16:38:52 main INFO Started ShiroSpringbootApplication in 36.46 seconds (JVM running for 37.973)
2017-9-4 16:44:28 http-nio-8080-exec-5 DEBUG ==>  Preparing: select * from user where uname = ? 
2017-9-4 16:44:28 http-nio-8080-exec-5 DEBUG ==> Parameters: liubei(String)
2017-9-4 16:44:28 http-nio-8080-exec-5 DEBUG <==      Total: 1
2017-9-4 16:44:28 http-nio-8080-exec-5 DEBUG ==>  Preparing: SELECT a.uname,c.pname,e.rname FROM user as a LEFT JOIN gl_user_permission as b ON a.id = b.user_id LEFT JOIN permission as c ON b.permission_id = c.id LEFT JOIN gl_permission_role as d ON d.permission_id = c.id LEFT JOIN role as e ON e.id = d.role_id WHERE a.uname = ? 
2017-9-4 16:44:28 http-nio-8080-exec-5 DEBUG ==> Parameters: liubei(String)
2017-9-4 16:44:28 http-nio-8080-exec-5 DEBUG <==      Total: 2
2017-9-4 16:44:28 http-nio-8080-exec-5 DEBUG ==>  Preparing: SELECT a.uname,c.pname,e.rname FROM user as a LEFT JOIN gl_user_permission as b ON a.id = b.user_id LEFT JOIN permission as c ON b.permission_id = c.id LEFT JOIN gl_permission_role as d ON d.permission_id = c.id LEFT JOIN role as e ON e.id = d.role_id WHERE a.uname = ? 
2017-9-4 16:44:28 http-nio-8080-exec-5 DEBUG ==> Parameters: liubei(String)
2017-9-4 16:44:28 http-nio-8080-exec-5 DEBUG <==      Total: 2
2017-9-4 16:46:31 http-nio-8080-exec-6 DEBUG ==>  Preparing: select * from user where uname = ? 
2017-9-4 16:46:31 http-nio-8080-exec-6 DEBUG ==> Parameters: liubei(String)
2017-9-4 16:46:31 http-nio-8080-exec-6 DEBUG <==      Total: 1
2017-9-4 16:46:31 http-nio-8080-exec-6 DEBUG ==>  Preparing: SELECT a.uname,c.pname,e.rname FROM user as a LEFT JOIN gl_user_permission as b ON a.id = b.user_id LEFT JOIN permission as c ON b.permission_id = c.id LEFT JOIN gl_permission_role as d ON d.permission_id = c.id LEFT JOIN role as e ON e.id = d.role_id WHERE a.uname = ? 
2017-9-4 16:46:31 http-nio-8080-exec-6 DEBUG ==> Parameters: liubei(String)
2017-9-4 16:46:31 http-nio-8080-exec-6 DEBUG <==      Total: 2
2017-9-4 16:46:31 http-nio-8080-exec-6 DEBUG ==>  Preparing: SELECT a.uname,c.pname,e.rname FROM user as a LEFT JOIN gl_user_permission as b ON a.id = b.user_id LEFT JOIN permission as c ON b.permission_id = c.id LEFT JOIN gl_permission_role as d ON d.permission_id = c.id LEFT JOIN role as e ON e.id = d.role_id WHERE a.uname = ? 
2017-9-4 16:46:31 http-nio-8080-exec-6 DEBUG ==> Parameters: liubei(String)
2017-9-4 16:46:31 http-nio-8080-exec-6 DEBUG <==      Total: 2
2017-9-4 16:48:52 http-nio-8080-exec-9 DEBUG ==>  Preparing: select * from user where uname = ? 
2017-9-4 16:48:52 http-nio-8080-exec-9 DEBUG ==> Parameters: liubei(String)
2017-9-4 16:48:52 http-nio-8080-exec-9 DEBUG <==      Total: 1
2017-9-4 16:49:04 http-nio-8080-exec-9 DEBUG ==>  Preparing: SELECT a.uname,c.pname,e.rname FROM user as a LEFT JOIN gl_user_permission as b ON a.id = b.user_id LEFT JOIN permission as c ON b.permission_id = c.id LEFT JOIN gl_permission_role as d ON d.permission_id = c.id LEFT JOIN role as e ON e.id = d.role_id WHERE a.uname = ? 
2017-9-4 16:49:04 http-nio-8080-exec-9 DEBUG ==> Parameters: liubei(String)
2017-9-4 16:49:04 http-nio-8080-exec-9 DEBUG <==      Total: 2
2017-9-4 16:49:33 http-nio-8080-exec-9 DEBUG ==>  Preparing: SELECT a.uname,c.pname,e.rname FROM user as a LEFT JOIN gl_user_permission as b ON a.id = b.user_id LEFT JOIN permission as c ON b.permission_id = c.id LEFT JOIN gl_permission_role as d ON d.permission_id = c.id LEFT JOIN role as e ON e.id = d.role_id WHERE a.uname = ? 
2017-9-4 16:49:33 http-nio-8080-exec-9 DEBUG ==> Parameters: liubei(String)
2017-9-4 16:49:33 http-nio-8080-exec-9 DEBUG <==      Total: 2
2017-9-4 16:52:26 http-nio-8080-exec-10 DEBUG ==>  Preparing: select * from user where uname = ? 
2017-9-4 16:52:26 http-nio-8080-exec-10 DEBUG ==> Parameters: liubei(String)
2017-9-4 16:52:26 http-nio-8080-exec-10 DEBUG <==      Total: 1
2017-9-4 16:52:31 http-nio-8080-exec-10 DEBUG ==>  Preparing: SELECT a.uname,c.pname,e.rname FROM user as a LEFT JOIN gl_user_permission as b ON a.id = b.user_id LEFT JOIN permission as c ON b.permission_id = c.id LEFT JOIN gl_permission_role as d ON d.permission_id = c.id LEFT JOIN role as e ON e.id = d.role_id WHERE a.uname = ? 
2017-9-4 16:52:31 http-nio-8080-exec-10 DEBUG ==> Parameters: liubei(String)
2017-9-4 16:52:31 http-nio-8080-exec-10 DEBUG <==      Total: 2
2017-9-4 16:53:00 http-nio-8080-exec-10 DEBUG ==>  Preparing: SELECT a.uname,c.pname,e.rname FROM user as a LEFT JOIN gl_user_permission as b ON a.id = b.user_id LEFT JOIN permission as c ON b.permission_id = c.id LEFT JOIN gl_permission_role as d ON d.permission_id = c.id LEFT JOIN role as e ON e.id = d.role_id WHERE a.uname = ? 
2017-9-4 16:53:00 http-nio-8080-exec-10 DEBUG ==> Parameters: liubei(String)
2017-9-4 16:53:00 http-nio-8080-exec-10 DEBUG <==      Total: 2
2017-9-4 16:56:39 main INFO Starting ShiroSpringbootApplication on Lenovo-PC with PID 9164 (started by ko in C:\Users\ko\Workspaces\spring tool suite\shiro-springboot)
2017-9-4 16:56:39 main DEBUG Running with Spring Boot v1.5.6.RELEASE, Spring v4.3.10.RELEASE
2017-9-4 16:56:39 main INFO No active profile set, falling back to default profiles: default
2017-9-4 16:57:09 main INFO Started ShiroSpringbootApplication in 30.692 seconds (JVM running for 32.898)
2017-9-4 16:57:45 http-nio-8080-exec-5 DEBUG ==>  Preparing: select * from user where uname = ? 
2017-9-4 16:57:46 http-nio-8080-exec-5 DEBUG ==> Parameters: liubei(String)
2017-9-4 16:57:46 http-nio-8080-exec-5 DEBUG <==      Total: 1
2017-9-4 16:57:51 http-nio-8080-exec-5 DEBUG ==>  Preparing: SELECT a.uname,c.pname,e.rname FROM user as a LEFT JOIN gl_user_permission as b ON a.id = b.user_id LEFT JOIN permission as c ON b.permission_id = c.id LEFT JOIN gl_permission_role as d ON d.permission_id = c.id LEFT JOIN role as e ON e.id = d.role_id WHERE a.uname = ? 
2017-9-4 16:57:51 http-nio-8080-exec-5 DEBUG ==> Parameters: liubei(String)
2017-9-4 16:57:51 http-nio-8080-exec-5 DEBUG <==      Total: 2
2017-9-4 16:57:53 http-nio-8080-exec-5 DEBUG ==>  Preparing: SELECT a.uname,c.pname,e.rname FROM user as a LEFT JOIN gl_user_permission as b ON a.id = b.user_id LEFT JOIN permission as c ON b.permission_id = c.id LEFT JOIN gl_permission_role as d ON d.permission_id = c.id LEFT JOIN role as e ON e.id = d.role_id WHERE a.uname = ? 
2017-9-4 16:57:53 http-nio-8080-exec-5 DEBUG ==> Parameters: liubei(String)
2017-9-4 16:57:53 http-nio-8080-exec-5 DEBUG <==      Total: 2
2017-9-4 17:09:18 main INFO Starting ShiroSpringbootApplication on Lenovo-PC with PID 18960 (started by ko in C:\Users\ko\Workspaces\spring tool suite\shiro-springboot)
2017-9-4 17:09:18 main DEBUG Running with Spring Boot v1.5.6.RELEASE, Spring v4.3.10.RELEASE
2017-9-4 17:09:18 main INFO No active profile set, falling back to default profiles: default
2017-9-4 17:09:47 main INFO Started ShiroSpringbootApplication in 29.411 seconds (JVM running for 31.68)
2017-9-4 17:10:13 http-nio-8080-exec-10 DEBUG ==>  Preparing: select * from user where uname = ? 
2017-9-4 17:10:13 http-nio-8080-exec-10 DEBUG ==> Parameters: liubei(String)
2017-9-4 17:10:13 http-nio-8080-exec-10 DEBUG <==      Total: 1
2017-9-4 17:10:14 http-nio-8080-exec-10 DEBUG ==>  Preparing: SELECT a.uname,c.pname,e.rname FROM user as a LEFT JOIN gl_user_permission as b ON a.id = b.user_id LEFT JOIN permission as c ON b.permission_id = c.id LEFT JOIN gl_permission_role as d ON d.permission_id = c.id LEFT JOIN role as e ON e.id = d.role_id WHERE a.uname = ? 
2017-9-4 17:10:14 http-nio-8080-exec-10 DEBUG ==> Parameters: liubei(String)
2017-9-4 17:10:14 http-nio-8080-exec-10 DEBUG <==      Total: 2
2017-9-4 17:10:15 http-nio-8080-exec-10 DEBUG ==>  Preparing: SELECT a.uname,c.pname,e.rname FROM user as a LEFT JOIN gl_user_permission as b ON a.id = b.user_id LEFT JOIN permission as c ON b.permission_id = c.id LEFT JOIN gl_permission_role as d ON d.permission_id = c.id LEFT JOIN role as e ON e.id = d.role_id WHERE a.uname = ? 
2017-9-4 17:10:15 http-nio-8080-exec-10 DEBUG ==> Parameters: liubei(String)
2017-9-4 17:10:15 http-nio-8080-exec-10 DEBUG <==      Total: 2
2017-9-4 17:23:14 main INFO Starting ShiroSpringbootApplication on Lenovo-PC with PID 20324 (started by ko in C:\Users\ko\Workspaces\spring tool suite\shiro-springboot)
2017-9-4 17:23:14 main DEBUG Running with Spring Boot v1.5.6.RELEASE, Spring v4.3.10.RELEASE
2017-9-4 17:23:14 main INFO No active profile set, falling back to default profiles: default
2017-9-4 17:23:44 main INFO Started ShiroSpringbootApplication in 30.806 seconds (JVM running for 33.265)
2017-9-4 17:24:26 http-nio-8080-exec-2 DEBUG ==>  Preparing: select * from user where uname = ? 
2017-9-4 17:24:26 http-nio-8080-exec-2 DEBUG ==> Parameters: liubei(String)
2017-9-4 17:24:26 http-nio-8080-exec-2 DEBUG <==      Total: 1
2017-9-4 17:24:27 http-nio-8080-exec-2 DEBUG ==>  Preparing: SELECT a.uname,c.pname,e.rname FROM user as a LEFT JOIN gl_user_permission as b ON a.id = b.user_id LEFT JOIN permission as c ON b.permission_id = c.id LEFT JOIN gl_permission_role as d ON d.permission_id = c.id LEFT JOIN role as e ON e.id = d.role_id WHERE a.uname = ? 
2017-9-4 17:24:27 http-nio-8080-exec-2 DEBUG ==> Parameters: liubei(String)
2017-9-4 17:24:27 http-nio-8080-exec-2 DEBUG <==      Total: 2
2017-9-4 17:24:28 http-nio-8080-exec-2 DEBUG ==>  Preparing: SELECT a.uname,c.pname,e.rname FROM user as a LEFT JOIN gl_user_permission as b ON a.id = b.user_id LEFT JOIN permission as c ON b.permission_id = c.id LEFT JOIN gl_permission_role as d ON d.permission_id = c.id LEFT JOIN role as e ON e.id = d.role_id WHERE a.uname = ? 
2017-9-4 17:24:28 http-nio-8080-exec-2 DEBUG ==> Parameters: liubei(String)
2017-9-4 17:24:28 http-nio-8080-exec-2 DEBUG <==      Total: 2
